#! /usr/local/bin/vvp
:ivl_version "11.0 (stable)" "(v11_0)";
:ivl_delay_selection "TYPICAL";
:vpi_time_precision + 0;
:vpi_module "/usr/local/lib/ivl/system.vpi";
:vpi_module "/usr/local/lib/ivl/vhdl_sys.vpi";
:vpi_module "/usr/local/lib/ivl/vhdl_textio.vpi";
:vpi_module "/usr/local/lib/ivl/v2005_math.vpi";
:vpi_module "/usr/local/lib/ivl/va_math.vpi";
:vpi_module "/usr/local/lib/ivl/v2009.vpi";
S_0x56118d2f14a0 .scope package, "$unit" "$unit" 2 1;
 .timescale 0 0;
S_0x56118d2efd90 .scope module, "testbench" "testbench" 3 6;
 .timescale 0 0;
v0x56118d345810_0 .var "a", 0 0;
v0x56118d3458d0_0 .var "b", 0 0;
v0x56118d3459a0_0 .var "ci", 0 0;
v0x56118d345aa0_0 .var "clk", 0 0;
v0x56118d345b40_0 .net "co_current", 0 0, L_0x56118d346620;  1 drivers
v0x56118d345c30_0 .var "co_expected", 0 0;
v0x56118d345cd0_0 .var/i "fitness", 31 0;
v0x56118d345d70_0 .var "rst", 0 0;
v0x56118d345e10_0 .net "sum_current", 0 0, L_0x56118d346260;  1 drivers
v0x56118d345ee0_0 .var "sum_expected", 0 0;
v0x56118d345f80 .array "testvectors", 7 0, 4 0;
v0x56118d346040_0 .var/i "vectornum", 31 0;
E_0x56118d3131a0 .event posedge, v0x56118d345aa0_0;
S_0x56118d2eff20 .scope module, "dut_1" "individual" 3 26, 3 99 0, S_0x56118d2efd90;
 .timescale 0 0;
    .port_info 0 /INPUT 1 "a";
    .port_info 1 /INPUT 1 "b";
    .port_info 2 /INPUT 1 "ci";
    .port_info 3 /OUTPUT 1 "sum";
    .port_info 4 /OUTPUT 1 "co";
L_0x56118d31b2a0 .functor XOR 1, v0x56118d3458d0_0, v0x56118d3458d0_0, C4<0>, C4<0>;
L_0x56118d346560 .functor OR 1, L_0x56118d3463a0, L_0x56118d346490, C4<0>, C4<0>;
L_0x56118d346620 .functor AND 1, v0x56118d3458d0_0, L_0x56118d346560, C4<1>, C4<1>;
v0x56118d2f0100_0 .net *"_ivl_0", 0 0, L_0x56118d31b2a0;  1 drivers
v0x56118d344a90_0 .net *"_ivl_10", 0 0, L_0x56118d346560;  1 drivers
v0x56118d344b70_0 .net *"_ivl_3", 0 0, L_0x56118d346170;  1 drivers
v0x56118d344c40_0 .net *"_ivl_7", 0 0, L_0x56118d3463a0;  1 drivers
v0x56118d344d00_0 .net *"_ivl_9", 0 0, L_0x56118d346490;  1 drivers
v0x56118d344e10_0 .net "a", 0 0, v0x56118d345810_0;  1 drivers
v0x56118d344ed0_0 .net "b", 0 0, v0x56118d3458d0_0;  1 drivers
v0x56118d344f90_0 .net "ci", 0 0, v0x56118d3459a0_0;  1 drivers
v0x56118d345050_0 .net "co", 0 0, L_0x56118d346620;  alias, 1 drivers
v0x56118d345110_0 .net "sum", 0 0, L_0x56118d346260;  alias, 1 drivers
L_0x56118d346170 .reduce/nor L_0x56118d31b2a0;
L_0x56118d346260 .reduce/nor L_0x56118d346170;
L_0x56118d3463a0 .reduce/nor v0x56118d345810_0;
L_0x56118d346490 .reduce/nor v0x56118d3458d0_0;
S_0x56118d345270 .scope task, "testcase" "testcase" 3 31, 3 31 0, S_0x56118d2efd90;
 .timescale 0 0;
v0x56118d345420_0 .var "a_value", 0 0;
v0x56118d3454e0_0 .var "b_value", 0 0;
v0x56118d3455a0_0 .var "ci_value", 0 0;
v0x56118d345640_0 .var "co_value", 0 0;
v0x56118d345700_0 .var "sum_value", 0 0;
TD_testbench.testcase ;
    %load/vec4 v0x56118d345420_0;
    %store/vec4 v0x56118d345810_0, 0, 1;
    %load/vec4 v0x56118d3454e0_0;
    %store/vec4 v0x56118d3458d0_0, 0, 1;
    %load/vec4 v0x56118d3455a0_0;
    %store/vec4 v0x56118d3459a0_0, 0, 1;
    %delay 5, 0;
    %load/vec4 v0x56118d345e10_0;
    %load/vec4 v0x56118d345700_0;
    %cmp/e;
    %jmp/0xz  T_0.0, 4;
    %load/vec4 v0x56118d345cd0_0;
    %addi 1, 0, 32;
    %store/vec4 v0x56118d345cd0_0, 0, 32;
T_0.0 ;
    %load/vec4 v0x56118d345b40_0;
    %load/vec4 v0x56118d345640_0;
    %cmp/e;
    %jmp/0xz  T_0.2, 4;
    %load/vec4 v0x56118d345cd0_0;
    %addi 1, 0, 32;
    %store/vec4 v0x56118d345cd0_0, 0, 32;
T_0.2 ;
    %end;
    .scope S_0x56118d2efd90;
T_1 ;
    %pushi/vec4 0, 0, 32;
    %store/vec4 v0x56118d346040_0, 0, 32;
    %end;
    .thread T_1, $init;
    .scope S_0x56118d2efd90;
T_2 ;
    %wait E_0x56118d3131a0;
    %load/vec4 v0x56118d345d70_0;
    %pad/u 32;
    %cmpi/e 0, 0, 32;
    %jmp/0xz  T_2.0, 4;
    %ix/getv/s 4, v0x56118d346040_0;
    %load/vec4a v0x56118d345f80, 4;
    %split/vec4 1;
    %store/vec4 v0x56118d345c30_0, 0, 1;
    %split/vec4 1;
    %store/vec4 v0x56118d345ee0_0, 0, 1;
    %split/vec4 1;
    %store/vec4 v0x56118d3459a0_0, 0, 1;
    %split/vec4 1;
    %store/vec4 v0x56118d3458d0_0, 0, 1;
    %store/vec4 v0x56118d345810_0, 0, 1;
    %load/vec4 v0x56118d346040_0;
    %addi 1, 0, 32;
    %store/vec4 v0x56118d346040_0, 0, 32;
    %load/vec4 v0x56118d345810_0;
    %store/vec4 v0x56118d345420_0, 0, 1;
    %load/vec4 v0x56118d3458d0_0;
    %store/vec4 v0x56118d3454e0_0, 0, 1;
    %load/vec4 v0x56118d3459a0_0;
    %store/vec4 v0x56118d3455a0_0, 0, 1;
    %load/vec4 v0x56118d345ee0_0;
    %store/vec4 v0x56118d345700_0, 0, 1;
    %load/vec4 v0x56118d345c30_0;
    %store/vec4 v0x56118d345640_0, 0, 1;
    %fork TD_testbench.testcase, S_0x56118d345270;
    %join;
T_2.0 ;
    %jmp T_2;
    .thread T_2;
    .scope S_0x56118d2efd90;
T_3 ;
    %delay 5, 0;
    %load/vec4 v0x56118d345aa0_0;
    %inv;
    %store/vec4 v0x56118d345aa0_0, 0, 1;
    %jmp T_3;
    .thread T_3;
    .scope S_0x56118d2efd90;
T_4 ;
    %pushi/vec4 1, 0, 1;
    %store/vec4 v0x56118d345aa0_0, 0, 1;
    %pushi/vec4 1, 0, 1;
    %store/vec4 v0x56118d345d70_0, 0, 1;
    %delay 10, 0;
    %pushi/vec4 0, 0, 1;
    %store/vec4 v0x56118d345d70_0, 0, 1;
    %vpi_call/w 3 79 "$readmemb", "test_vectors.tv", v0x56118d345f80 {0 0 0};
    %pushi/vec4 0, 0, 32;
    %store/vec4 v0x56118d345cd0_0, 0, 32;
    %delay 160, 0;
    %vpi_call/w 3 91 "$display", "%0d", v0x56118d345cd0_0 {0 0 0};
    %vpi_call/w 3 94 "$finish" {0 0 0};
    %end;
    .thread T_4;
# The file index is used to find the file name in the following table.
:file_names 4;
    "N/A";
    "<interactive>";
    "-";
    "temp_tb.sv";
