#! /usr/local/bin/vvp
:ivl_version "11.0 (stable)" "(v11_0)";
:ivl_delay_selection "TYPICAL";
:vpi_time_precision + 0;
:vpi_module "/usr/local/lib/ivl/system.vpi";
:vpi_module "/usr/local/lib/ivl/vhdl_sys.vpi";
:vpi_module "/usr/local/lib/ivl/vhdl_textio.vpi";
:vpi_module "/usr/local/lib/ivl/v2005_math.vpi";
:vpi_module "/usr/local/lib/ivl/va_math.vpi";
:vpi_module "/usr/local/lib/ivl/v2009.vpi";
S_0x5559d2b664a0 .scope package, "$unit" "$unit" 2 1;
 .timescale 0 0;
S_0x5559d2b64d90 .scope module, "testbench" "testbench" 3 6;
 .timescale 0 0;
v0x5559d2bbedb0_0 .var "a", 0 0;
v0x5559d2bbee70_0 .var "b", 0 0;
v0x5559d2bbef40_0 .var "ci", 0 0;
v0x5559d2bbf040_0 .var "clk", 0 0;
v0x5559d2bbf0e0_0 .net "co_current", 0 0, L_0x5559d2bc02e0;  1 drivers
v0x5559d2bbf1d0_0 .var "co_expected", 0 0;
v0x5559d2bbf270_0 .var/i "fitness", 31 0;
v0x5559d2bbf310_0 .var "hit_co", 0 0;
v0x5559d2bbf3b0_0 .var "hit_sum", 0 0;
v0x5559d2bbf470_0 .var "lexi_co", 0 7;
v0x5559d2bbf550_0 .var "lexi_sum", 0 7;
v0x5559d2bbf630_0 .var "rst", 0 0;
v0x5559d2bbf6f0_0 .net "sum_current", 0 0, L_0x5559d2bbfdd0;  1 drivers
v0x5559d2bbf7c0_0 .var "sum_expected", 0 0;
v0x5559d2bbf860 .array "testvectors", 7 0, 4 0;
v0x5559d2bbf920_0 .var/i "vectornum", 31 0;
E_0x5559d2b881a0 .event posedge, v0x5559d2bbf040_0;
S_0x5559d2b64f20 .scope module, "dut_1" "individual" 3 32, 3 120 0, S_0x5559d2b64d90;
 .timescale 0 0;
    .port_info 0 /INPUT 1 "a";
    .port_info 1 /INPUT 1 "b";
    .port_info 2 /INPUT 1 "ci";
    .port_info 3 /OUTPUT 1 "sum";
    .port_info 4 /OUTPUT 1 "co";
L_0x5559d2bbfad0 .functor OR 1, L_0x5559d2bbfa00, v0x5559d2bbedb0_0, C4<0>, C4<0>;
L_0x5559d2bbfc00 .functor OR 1, v0x5559d2bbef40_0, v0x5559d2bbedb0_0, C4<0>, C4<0>;
L_0x5559d2bbfdd0 .functor XOR 1, L_0x5559d2bbfad0, L_0x5559d2bbfce0, C4<0>, C4<0>;
L_0x5559d2bbff30 .functor AND 1, v0x5559d2bbedb0_0, v0x5559d2bbee70_0, C4<1>, C4<1>;
L_0x5559d2bbffd0 .functor AND 1, v0x5559d2bbef40_0, v0x5559d2bbef40_0, C4<1>, C4<1>;
L_0x5559d2bc0040 .functor OR 1, L_0x5559d2bbff30, L_0x5559d2bbffd0, C4<0>, C4<0>;
L_0x5559d2bc00f0 .functor AND 1, v0x5559d2bbedb0_0, v0x5559d2bbedb0_0, C4<1>, C4<1>;
L_0x5559d2bc0160 .functor AND 1, v0x5559d2bbef40_0, v0x5559d2bbee70_0, C4<1>, C4<1>;
L_0x5559d2bc0220 .functor OR 1, L_0x5559d2bc00f0, L_0x5559d2bc0160, C4<0>, C4<0>;
L_0x5559d2bc02e0 .functor AND 1, L_0x5559d2bc0040, L_0x5559d2bc0220, C4<1>, C4<1>;
v0x5559d2b65100_0 .net *"_ivl_1", 0 0, L_0x5559d2bbfa00;  1 drivers
v0x5559d2bbdb90_0 .net *"_ivl_10", 0 0, L_0x5559d2bbff30;  1 drivers
v0x5559d2bbdc70_0 .net *"_ivl_12", 0 0, L_0x5559d2bbffd0;  1 drivers
v0x5559d2bbdd60_0 .net *"_ivl_14", 0 0, L_0x5559d2bc0040;  1 drivers
v0x5559d2bbde40_0 .net *"_ivl_16", 0 0, L_0x5559d2bc00f0;  1 drivers
v0x5559d2bbdf70_0 .net *"_ivl_18", 0 0, L_0x5559d2bc0160;  1 drivers
v0x5559d2bbe050_0 .net *"_ivl_2", 0 0, L_0x5559d2bbfad0;  1 drivers
v0x5559d2bbe130_0 .net *"_ivl_20", 0 0, L_0x5559d2bc0220;  1 drivers
v0x5559d2bbe210_0 .net *"_ivl_4", 0 0, L_0x5559d2bbfc00;  1 drivers
v0x5559d2bbe2f0_0 .net *"_ivl_7", 0 0, L_0x5559d2bbfce0;  1 drivers
v0x5559d2bbe3b0_0 .net "a", 0 0, v0x5559d2bbedb0_0;  1 drivers
v0x5559d2bbe470_0 .net "b", 0 0, v0x5559d2bbee70_0;  1 drivers
v0x5559d2bbe530_0 .net "ci", 0 0, v0x5559d2bbef40_0;  1 drivers
v0x5559d2bbe5f0_0 .net "co", 0 0, L_0x5559d2bc02e0;  alias, 1 drivers
v0x5559d2bbe6b0_0 .net "sum", 0 0, L_0x5559d2bbfdd0;  alias, 1 drivers
L_0x5559d2bbfa00 .reduce/nor v0x5559d2bbee70_0;
L_0x5559d2bbfce0 .reduce/nor L_0x5559d2bbfc00;
S_0x5559d2bbe810 .scope task, "testcase" "testcase" 3 37, 3 37 0, S_0x5559d2b64d90;
 .timescale 0 0;
v0x5559d2bbe9c0_0 .var "a_value", 0 0;
v0x5559d2bbea80_0 .var "b_value", 0 0;
v0x5559d2bbeb40_0 .var "ci_value", 0 0;
v0x5559d2bbebe0_0 .var "co_value", 0 0;
v0x5559d2bbeca0_0 .var "sum_value", 0 0;
TD_testbench.testcase ;
    %load/vec4 v0x5559d2bbe9c0_0;
    %store/vec4 v0x5559d2bbedb0_0, 0, 1;
    %load/vec4 v0x5559d2bbea80_0;
    %store/vec4 v0x5559d2bbee70_0, 0, 1;
    %load/vec4 v0x5559d2bbeb40_0;
    %store/vec4 v0x5559d2bbef40_0, 0, 1;
    %pushi/vec4 0, 0, 1;
    %store/vec4 v0x5559d2bbf3b0_0, 0, 1;
    %pushi/vec4 0, 0, 1;
    %store/vec4 v0x5559d2bbf310_0, 0, 1;
    %delay 5, 0;
    %load/vec4 v0x5559d2bbf6f0_0;
    %load/vec4 v0x5559d2bbeca0_0;
    %cmp/e;
    %jmp/0xz  T_0.0, 4;
    %load/vec4 v0x5559d2bbf270_0;
    %addi 1, 0, 32;
    %store/vec4 v0x5559d2bbf270_0, 0, 32;
    %pushi/vec4 1, 0, 1;
    %store/vec4 v0x5559d2bbf3b0_0, 0, 1;
T_0.0 ;
    %load/vec4 v0x5559d2bbf0e0_0;
    %load/vec4 v0x5559d2bbebe0_0;
    %cmp/e;
    %jmp/0xz  T_0.2, 4;
    %load/vec4 v0x5559d2bbf270_0;
    %addi 1, 0, 32;
    %store/vec4 v0x5559d2bbf270_0, 0, 32;
    %pushi/vec4 1, 0, 1;
    %store/vec4 v0x5559d2bbf310_0, 0, 1;
T_0.2 ;
    %end;
    .scope S_0x5559d2b64d90;
T_1 ;
    %pushi/vec4 0, 0, 32;
    %store/vec4 v0x5559d2bbf920_0, 0, 32;
    %end;
    .thread T_1, $init;
    .scope S_0x5559d2b64d90;
T_2 ;
    %wait E_0x5559d2b881a0;
    %load/vec4 v0x5559d2bbf630_0;
    %pad/u 32;
    %cmpi/e 0, 0, 32;
    %jmp/0xz  T_2.0, 4;
    %ix/getv/s 4, v0x5559d2bbf920_0;
    %load/vec4a v0x5559d2bbf860, 4;
    %split/vec4 1;
    %store/vec4 v0x5559d2bbf1d0_0, 0, 1;
    %split/vec4 1;
    %store/vec4 v0x5559d2bbf7c0_0, 0, 1;
    %split/vec4 1;
    %store/vec4 v0x5559d2bbef40_0, 0, 1;
    %split/vec4 1;
    %store/vec4 v0x5559d2bbee70_0, 0, 1;
    %store/vec4 v0x5559d2bbedb0_0, 0, 1;
    %load/vec4 v0x5559d2bbedb0_0;
    %store/vec4 v0x5559d2bbe9c0_0, 0, 1;
    %load/vec4 v0x5559d2bbee70_0;
    %store/vec4 v0x5559d2bbea80_0, 0, 1;
    %load/vec4 v0x5559d2bbef40_0;
    %store/vec4 v0x5559d2bbeb40_0, 0, 1;
    %load/vec4 v0x5559d2bbf7c0_0;
    %store/vec4 v0x5559d2bbeca0_0, 0, 1;
    %load/vec4 v0x5559d2bbf1d0_0;
    %store/vec4 v0x5559d2bbebe0_0, 0, 1;
    %fork TD_testbench.testcase, S_0x5559d2bbe810;
    %join;
    %load/vec4 v0x5559d2bbf3b0_0;
    %pushi/vec4 7, 0, 34;
    %load/vec4 v0x5559d2bbf920_0;
    %pad/s 34;
    %sub;
    %ix/vec4/s 4;
    %store/vec4 v0x5559d2bbf550_0, 4, 1;
    %load/vec4 v0x5559d2bbf310_0;
    %pushi/vec4 7, 0, 34;
    %load/vec4 v0x5559d2bbf920_0;
    %pad/s 34;
    %sub;
    %ix/vec4/s 4;
    %store/vec4 v0x5559d2bbf470_0, 4, 1;
    %load/vec4 v0x5559d2bbf920_0;
    %addi 1, 0, 32;
    %store/vec4 v0x5559d2bbf920_0, 0, 32;
T_2.0 ;
    %jmp T_2;
    .thread T_2;
    .scope S_0x5559d2b64d90;
T_3 ;
    %delay 5, 0;
    %load/vec4 v0x5559d2bbf040_0;
    %inv;
    %store/vec4 v0x5559d2bbf040_0, 0, 1;
    %jmp T_3;
    .thread T_3;
    .scope S_0x5559d2b64d90;
T_4 ;
    %pushi/vec4 1, 0, 1;
    %store/vec4 v0x5559d2bbf040_0, 0, 1;
    %pushi/vec4 1, 0, 1;
    %store/vec4 v0x5559d2bbf630_0, 0, 1;
    %delay 10, 0;
    %pushi/vec4 0, 0, 1;
    %store/vec4 v0x5559d2bbf630_0, 0, 1;
    %vpi_call/w 3 98 "$readmemb", "test_vectors.tv", v0x5559d2bbf860 {0 0 0};
    %pushi/vec4 0, 0, 32;
    %store/vec4 v0x5559d2bbf270_0, 0, 32;
    %delay 160, 0;
    %vpi_call/w 3 114 "$display", "%0b%0b", v0x5559d2bbf550_0, v0x5559d2bbf470_0 {0 0 0};
    %vpi_call/w 3 116 "$finish" {0 0 0};
    %end;
    .thread T_4;
# The file index is used to find the file name in the following table.
:file_names 4;
    "N/A";
    "<interactive>";
    "-";
    "individual_tb_lexicase.sv";
