#! /usr/local/bin/vvp
:ivl_version "11.0 (stable)" "(v11_0)";
:ivl_delay_selection "TYPICAL";
:vpi_time_precision - 12;
:vpi_module "/usr/local/lib/ivl/system.vpi";
:vpi_module "/usr/local/lib/ivl/vhdl_sys.vpi";
:vpi_module "/usr/local/lib/ivl/vhdl_textio.vpi";
:vpi_module "/usr/local/lib/ivl/v2005_math.vpi";
:vpi_module "/usr/local/lib/ivl/va_math.vpi";
:vpi_module "/usr/local/lib/ivl/v2009.vpi";
S_0x563c963784a0 .scope package, "$unit" "$unit" 2 1;
 .timescale 0 0;
P_0x563c963a8570 .param/l "coef_0" 0 3 3, C4<00100000>;
P_0x563c963a85b0 .param/l "coef_1" 0 3 4, C4<00100000>;
P_0x563c963a85f0 .param/l "coef_2" 0 3 5, C4<00100000>;
P_0x563c963a8630 .param/l "coef_3" 0 3 6, C4<00100000>;
S_0x563c963a6b50 .scope module, "FIR_TB" "FIR_TB" 3 33;
 .timescale -9 -12;
P_0x563c963b6920 .param/l "N" 0 3 35, +C4<00000000000000000000000000100000>;
v0x563c963d7d50_0 .var "Address", 4 0;
v0x563c963d7e50 .array "RAMM", 0 31, 31 0;
v0x563c963d7f10_0 .var "b0", 7 0;
v0x563c963d7fe0_0 .var "b1", 7 0;
v0x563c963d80b0_0 .var "b2", 7 0;
v0x563c963d8150_0 .var "b3", 7 0;
v0x563c963d8220_0 .var "clk", 0 0;
v0x563c963d82c0_0 .var "data_in", 31 0;
v0x563c963d8360_0 .net "data_out", 31 0, v0x563c963d7810_0;  1 drivers
v0x563c963d84b0_0 .var "reset", 0 0;
S_0x563c963b5c60 .scope module, "inst0" "FIR_Filter" 3 47, 3 84 0, S_0x563c963a6b50;
 .timescale -9 -12;
    .port_info 0 /INPUT 1 "clk";
    .port_info 1 /INPUT 1 "reset";
    .port_info 2 /INPUT 8 "b0";
    .port_info 3 /INPUT 8 "b1";
    .port_info 4 /INPUT 8 "b2";
    .port_info 5 /INPUT 8 "b3";
    .port_info 6 /INPUT 32 "data_in";
    .port_info 7 /OUTPUT 32 "data_out";
P_0x563c963b5e40 .param/l "N" 0 3 86, +C4<00000000000000000000000000100000>;
v0x563c963d65c0_0 .net "Add_final", 31 0, L_0x563c963e93d0;  1 drivers
v0x563c963d66c0_0 .net "Mul0", 31 0, L_0x563c963e87a0;  1 drivers
v0x563c963d67a0_0 .net "Mul1", 31 0, L_0x563c963e8a20;  1 drivers
v0x563c963d6860_0 .net "Mul2", 31 0, L_0x563c963e8c80;  1 drivers
v0x563c963d6940_0 .net "Mul3", 31 0, L_0x563c963e8ef0;  1 drivers
v0x563c963d6a70_0 .net *"_ivl_12", 31 0, L_0x563c963e8890;  1 drivers
L_0x7f1c6892e138 .functor BUFT 1, C4<000000000000000000000000>, C4<0>, C4<0>, C4<0>;
v0x563c963d6b50_0 .net *"_ivl_15", 23 0, L_0x7f1c6892e138;  1 drivers
v0x563c963d6c30_0 .net *"_ivl_18", 31 0, L_0x563c963e8b40;  1 drivers
L_0x7f1c6892e180 .functor BUFT 1, C4<000000000000000000000000>, C4<0>, C4<0>, C4<0>;
v0x563c963d6d10_0 .net *"_ivl_21", 23 0, L_0x7f1c6892e180;  1 drivers
v0x563c963d6df0_0 .net *"_ivl_24", 31 0, L_0x563c963e8db0;  1 drivers
L_0x7f1c6892e1c8 .functor BUFT 1, C4<000000000000000000000000>, C4<0>, C4<0>, C4<0>;
v0x563c963d6ed0_0 .net *"_ivl_27", 23 0, L_0x7f1c6892e1c8;  1 drivers
v0x563c963d6fb0_0 .net *"_ivl_30", 31 0, L_0x563c963e9080;  1 drivers
v0x563c963d7090_0 .net *"_ivl_32", 31 0, L_0x563c963e9230;  1 drivers
v0x563c963d7170_0 .net *"_ivl_6", 31 0, L_0x563c963d8640;  1 drivers
L_0x7f1c6892e0f0 .functor BUFT 1, C4<000000000000000000000000>, C4<0>, C4<0>, C4<0>;
v0x563c963d7250_0 .net *"_ivl_9", 23 0, L_0x7f1c6892e0f0;  1 drivers
v0x563c963d7330_0 .net "b0", 7 0, v0x563c963d7f10_0;  1 drivers
v0x563c963d7410_0 .net "b1", 7 0, v0x563c963d7fe0_0;  1 drivers
v0x563c963d74f0_0 .net "b2", 7 0, v0x563c963d80b0_0;  1 drivers
v0x563c963d75d0_0 .net "b3", 7 0, v0x563c963d8150_0;  1 drivers
v0x563c963d76b0_0 .net "clk", 0 0, v0x563c963d8220_0;  1 drivers
v0x563c963d7750_0 .net "data_in", 31 0, v0x563c963d82c0_0;  1 drivers
v0x563c963d7810_0 .var "data_out", 31 0;
v0x563c963d78d0_0 .net "reset", 0 0, v0x563c963d84b0_0;  1 drivers
v0x563c963d7990_0 .net "x1", 31 0, v0x563c963b6a70_0;  1 drivers
v0x563c963d7a50_0 .net "x2", 31 0, v0x563c963d5b30_0;  1 drivers
v0x563c963d7b60_0 .net "x3", 31 0, v0x563c963d62c0_0;  1 drivers
E_0x563c963af900 .event posedge, v0x563c963ba960_0;
L_0x563c963d8640 .concat [ 8 24 0 0], v0x563c963d7f10_0, L_0x7f1c6892e0f0;
L_0x563c963e87a0 .arith/mult 32, v0x563c963d82c0_0, L_0x563c963d8640;
L_0x563c963e8890 .concat [ 8 24 0 0], v0x563c963d7fe0_0, L_0x7f1c6892e138;
L_0x563c963e8a20 .arith/mult 32, v0x563c963b6a70_0, L_0x563c963e8890;
L_0x563c963e8b40 .concat [ 8 24 0 0], v0x563c963d80b0_0, L_0x7f1c6892e180;
L_0x563c963e8c80 .arith/mult 32, v0x563c963d5b30_0, L_0x563c963e8b40;
L_0x563c963e8db0 .concat [ 8 24 0 0], v0x563c963d8150_0, L_0x7f1c6892e1c8;
L_0x563c963e8ef0 .arith/mult 32, v0x563c963d62c0_0, L_0x563c963e8db0;
L_0x563c963e9080 .arith/sum 32, L_0x563c963e87a0, L_0x563c963e8a20;
L_0x563c963e9230 .arith/sum 32, L_0x563c963e9080, L_0x563c963e8c80;
L_0x563c963e93d0 .arith/sum 32, L_0x563c963e9230, L_0x563c963e8ef0;
S_0x563c963b5f50 .scope module, "DFF0" "DFF" 3 103, 3 13 0, S_0x563c963b5c60;
 .timescale -9 -12;
    .port_info 0 /INPUT 1 "clk";
    .port_info 1 /INPUT 1 "reset";
    .port_info 2 /INPUT 32 "data_in";
    .port_info 3 /OUTPUT 32 "data_delayed";
P_0x563c963b1340 .param/l "N" 0 3 14, +C4<00000000000000000000000000100000>;
v0x563c963ba960_0 .net "clk", 0 0, v0x563c963d8220_0;  alias, 1 drivers
v0x563c963b6a70_0 .var "data_delayed", 31 0;
v0x563c963a8c30_0 .net "data_in", 31 0, v0x563c963d82c0_0;  alias, 1 drivers
L_0x7f1c6892e018 .functor BUFT 1, C4<0>, C4<0>, C4<0>, C4<0>;
v0x563c963a9420_0 .net "reset", 0 0, L_0x7f1c6892e018;  1 drivers
E_0x563c963af5a0 .event posedge, v0x563c963a9420_0, v0x563c963ba960_0;
S_0x563c963d5750 .scope module, "DFF1" "DFF" 3 104, 3 13 0, S_0x563c963b5c60;
 .timescale -9 -12;
    .port_info 0 /INPUT 1 "clk";
    .port_info 1 /INPUT 1 "reset";
    .port_info 2 /INPUT 32 "data_in";
    .port_info 3 /OUTPUT 32 "data_delayed";
P_0x563c963d5950 .param/l "N" 0 3 14, +C4<00000000000000000000000000100000>;
v0x563c963d5a40_0 .net "clk", 0 0, v0x563c963d8220_0;  alias, 1 drivers
v0x563c963d5b30_0 .var "data_delayed", 31 0;
v0x563c963d5bf0_0 .net "data_in", 31 0, v0x563c963b6a70_0;  alias, 1 drivers
L_0x7f1c6892e060 .functor BUFT 1, C4<0>, C4<0>, C4<0>, C4<0>;
v0x563c963d5cf0_0 .net "reset", 0 0, L_0x7f1c6892e060;  1 drivers
E_0x563c9639a1c0 .event posedge, v0x563c963d5cf0_0, v0x563c963ba960_0;
S_0x563c963d5e40 .scope module, "DFF2" "DFF" 3 105, 3 13 0, S_0x563c963b5c60;
 .timescale -9 -12;
    .port_info 0 /INPUT 1 "clk";
    .port_info 1 /INPUT 1 "reset";
    .port_info 2 /INPUT 32 "data_in";
    .port_info 3 /OUTPUT 32 "data_delayed";
P_0x563c963d6020 .param/l "N" 0 3 14, +C4<00000000000000000000000000100000>;
v0x563c963d61b0_0 .net "clk", 0 0, v0x563c963d8220_0;  alias, 1 drivers
v0x563c963d62c0_0 .var "data_delayed", 31 0;
v0x563c963d63a0_0 .net "data_in", 31 0, v0x563c963d5b30_0;  alias, 1 drivers
L_0x7f1c6892e0a8 .functor BUFT 1, C4<0>, C4<0>, C4<0>, C4<0>;
v0x563c963d6470_0 .net "reset", 0 0, L_0x7f1c6892e0a8;  1 drivers
E_0x563c963a90e0 .event posedge, v0x563c963d6470_0, v0x563c963ba960_0;
    .scope S_0x563c963b5f50;
T_0 ;
    %wait E_0x563c963af5a0;
    %load/vec4 v0x563c963a9420_0;
    %flag_set/vec4 8;
    %jmp/0xz  T_0.0, 8;
    %pushi/vec4 0, 0, 32;
    %assign/vec4 v0x563c963b6a70_0, 0;
    %jmp T_0.1;
T_0.0 ;
    %load/vec4 v0x563c963a8c30_0;
    %assign/vec4 v0x563c963b6a70_0, 0;
T_0.1 ;
    %jmp T_0;
    .thread T_0;
    .scope S_0x563c963d5750;
T_1 ;
    %wait E_0x563c9639a1c0;
    %load/vec4 v0x563c963d5cf0_0;
    %flag_set/vec4 8;
    %jmp/0xz  T_1.0, 8;
    %pushi/vec4 0, 0, 32;
    %assign/vec4 v0x563c963d5b30_0, 0;
    %jmp T_1.1;
T_1.0 ;
    %load/vec4 v0x563c963d5bf0_0;
    %assign/vec4 v0x563c963d5b30_0, 0;
T_1.1 ;
    %jmp T_1;
    .thread T_1;
    .scope S_0x563c963d5e40;
T_2 ;
    %wait E_0x563c963a90e0;
    %load/vec4 v0x563c963d6470_0;
    %flag_set/vec4 8;
    %jmp/0xz  T_2.0, 8;
    %pushi/vec4 0, 0, 32;
    %assign/vec4 v0x563c963d62c0_0, 0;
    %jmp T_2.1;
T_2.0 ;
    %load/vec4 v0x563c963d63a0_0;
    %assign/vec4 v0x563c963d62c0_0, 0;
T_2.1 ;
    %jmp T_2;
    .thread T_2;
    .scope S_0x563c963b5c60;
T_3 ;
    %wait E_0x563c963af900;
    %load/vec4 v0x563c963d65c0_0;
    %assign/vec4 v0x563c963d7810_0, 0;
    %vpi_call/w 3 125 "$monitor", "%b", v0x563c963d7810_0 {0 0 0};
    %jmp T_3;
    .thread T_3;
    .scope S_0x563c963a6b50;
T_4 ;
    %pushi/vec4 32, 0, 8;
    %store/vec4 v0x563c963d7f10_0, 0, 8;
    %pushi/vec4 32, 0, 8;
    %store/vec4 v0x563c963d7fe0_0, 0, 8;
    %pushi/vec4 32, 0, 8;
    %store/vec4 v0x563c963d80b0_0, 0, 8;
    %pushi/vec4 32, 0, 8;
    %store/vec4 v0x563c963d8150_0, 0, 8;
    %end;
    .thread T_4, $init;
    .scope S_0x563c963a6b50;
T_5 ;
    %vpi_call/w 3 52 "$readmemb", "signal.data", v0x563c963d7e50, 32'sb00000000000000000000000000000000, 32'sb00000000000000000000000000011111 {0 0 0};
    %end;
    .thread T_5;
    .scope S_0x563c963a6b50;
T_6 ;
    %pushi/vec4 0, 0, 1;
    %store/vec4 v0x563c963d8220_0, 0, 1;
    %end;
    .thread T_6;
    .scope S_0x563c963a6b50;
T_7 ;
    %delay 10000, 0;
    %load/vec4 v0x563c963d8220_0;
    %inv;
    %store/vec4 v0x563c963d8220_0, 0, 1;
    %jmp T_7;
    .thread T_7;
    .scope S_0x563c963a6b50;
T_8 ;
    %wait E_0x563c963af900;
    %load/vec4 v0x563c963d7d50_0;
    %pad/u 7;
    %ix/vec4 4;
    %load/vec4a v0x563c963d7e50, 4;
    %assign/vec4 v0x563c963d82c0_0, 0;
    %jmp T_8;
    .thread T_8;
    .scope S_0x563c963a6b50;
T_9 ;
    %pushi/vec4 0, 0, 5;
    %store/vec4 v0x563c963d7d50_0, 0, 5;
    %end;
    .thread T_9;
    .scope S_0x563c963a6b50;
T_10 ;
    %wait E_0x563c963af900;
    %load/vec4 v0x563c963d7d50_0;
    %pad/u 32;
    %cmpi/e 31, 0, 32;
    %jmp/0xz  T_10.0, 4;
    %pushi/vec4 0, 0, 5;
    %store/vec4 v0x563c963d7d50_0, 0, 5;
    %vpi_call/w 3 73 "$finish" {0 0 0};
    %jmp T_10.1;
T_10.0 ;
    %load/vec4 v0x563c963d7d50_0;
    %addi 1, 0, 5;
    %store/vec4 v0x563c963d7d50_0, 0, 5;
T_10.1 ;
    %jmp T_10;
    .thread T_10;
# The file index is used to find the file name in the following table.
:file_names 4;
    "N/A";
    "<interactive>";
    "-";
    "./FIR_tb.sv";
