#! /usr/local/bin/vvp
:ivl_version "11.0 (stable)" "(v11_0)";
:ivl_delay_selection "TYPICAL";
:vpi_time_precision - 12;
:vpi_module "/usr/local/lib/ivl/system.vpi";
:vpi_module "/usr/local/lib/ivl/vhdl_sys.vpi";
:vpi_module "/usr/local/lib/ivl/vhdl_textio.vpi";
:vpi_module "/usr/local/lib/ivl/v2005_math.vpi";
:vpi_module "/usr/local/lib/ivl/va_math.vpi";
S_0x563b2bfd44a0 .scope module, "FIR_TB" "FIR_TB" 2 204;
 .timescale -9 -12;
P_0x563b2c079630 .param/l "N" 0 2 211, +C4<00000000000000000000000000001000>;
P_0x563b2c079670 .param/l "coef_0" 0 2 206, C4<00100000>;
P_0x563b2c0796b0 .param/l "coef_1" 0 2 207, C4<00100000>;
P_0x563b2c0796f0 .param/l "coef_2" 0 2 208, C4<00100000>;
P_0x563b2c079730 .param/l "coef_3" 0 2 209, C4<00100000>;
v0x563b2c08e590_0 .var "Address", 4 0;
v0x563b2c08e690 .array "RAMM", 0 31, 7 0;
v0x563b2c08e750_0 .var "b0", 7 0;
v0x563b2c08e820_0 .var "b1", 7 0;
v0x563b2c08e8f0_0 .var "b2", 7 0;
v0x563b2c08e990_0 .var "b3", 7 0;
v0x563b2c08ea60_0 .var "clk", 0 0;
v0x563b2c08eb00_0 .var "data_in", 7 0;
v0x563b2c08eba0_0 .net "data_out", 15 0, v0x563b2c08de40_0;  1 drivers
v0x563b2c08ecf0_0 .var "reset", 0 0;
S_0x563b2c054e70 .scope module, "inst0" "FIR_Filter" 2 223, 2 260 0, S_0x563b2bfd44a0;
 .timescale -9 -12;
    .port_info 0 /INPUT 1 "clk";
    .port_info 1 /INPUT 1 "reset";
    .port_info 2 /INPUT 8 "b0";
    .port_info 3 /INPUT 8 "b1";
    .port_info 4 /INPUT 8 "b2";
    .port_info 5 /INPUT 8 "b3";
    .port_info 6 /INPUT 8 "data_in";
    .port_info 7 /OUTPUT 16 "data_out";
P_0x563b2c07b4b0 .param/l "N" 0 2 262, +C4<00000000000000000000000000001000>;
v0x563b2c08c4f0_0 .net "Add_final", 15 0, L_0x563b2c09b070;  1 drivers
v0x563b2c08c5f0_0 .net "Mul0", 15 0, L_0x563b2c09a030;  1 drivers
v0x563b2c08c6d0_0 .net "Mul1", 15 0, L_0x563b2c09a3d0;  1 drivers
v0x563b2c08c790_0 .net "Mul2", 15 0, L_0x563b2c09a7d0;  1 drivers
v0x563b2c08c870_0 .net "Mul3", 15 0, L_0x563b2c09ab50;  1 drivers
v0x563b2c08c9a0_0 .net *"_ivl_10", 15 0, L_0x563b2c099ea0;  1 drivers
L_0x7f12c405e138 .functor BUFT 1, C4<00000000>, C4<0>, C4<0>, C4<0>;
v0x563b2c08ca80_0 .net *"_ivl_13", 7 0, L_0x7f12c405e138;  1 drivers
v0x563b2c08cb60_0 .net *"_ivl_16", 15 0, L_0x563b2c09a170;  1 drivers
L_0x7f12c405e180 .functor BUFT 1, C4<00000000>, C4<0>, C4<0>, C4<0>;
v0x563b2c08cc40_0 .net *"_ivl_19", 7 0, L_0x7f12c405e180;  1 drivers
v0x563b2c08cd20_0 .net *"_ivl_20", 15 0, L_0x563b2c09a290;  1 drivers
L_0x7f12c405e1c8 .functor BUFT 1, C4<00000000>, C4<0>, C4<0>, C4<0>;
v0x563b2c08ce00_0 .net *"_ivl_23", 7 0, L_0x7f12c405e1c8;  1 drivers
v0x563b2c08cee0_0 .net *"_ivl_26", 15 0, L_0x563b2c09a550;  1 drivers
L_0x7f12c405e210 .functor BUFT 1, C4<00000000>, C4<0>, C4<0>, C4<0>;
v0x563b2c08cfc0_0 .net *"_ivl_29", 7 0, L_0x7f12c405e210;  1 drivers
v0x563b2c08d0a0_0 .net *"_ivl_30", 15 0, L_0x563b2c09a640;  1 drivers
L_0x7f12c405e258 .functor BUFT 1, C4<00000000>, C4<0>, C4<0>, C4<0>;
v0x563b2c08d180_0 .net *"_ivl_33", 7 0, L_0x7f12c405e258;  1 drivers
v0x563b2c08d260_0 .net *"_ivl_36", 15 0, L_0x563b2c09a8c0;  1 drivers
L_0x7f12c405e2a0 .functor BUFT 1, C4<00000000>, C4<0>, C4<0>, C4<0>;
v0x563b2c08d340_0 .net *"_ivl_39", 7 0, L_0x7f12c405e2a0;  1 drivers
v0x563b2c08d420_0 .net *"_ivl_40", 15 0, L_0x563b2c09aa10;  1 drivers
L_0x7f12c405e2e8 .functor BUFT 1, C4<00000000>, C4<0>, C4<0>, C4<0>;
v0x563b2c08d500_0 .net *"_ivl_43", 7 0, L_0x7f12c405e2e8;  1 drivers
v0x563b2c08d5e0_0 .net *"_ivl_46", 15 0, L_0x563b2c09ad00;  1 drivers
v0x563b2c08d6c0_0 .net *"_ivl_48", 15 0, L_0x563b2c09aeb0;  1 drivers
v0x563b2c08d7a0_0 .net *"_ivl_6", 15 0, L_0x563b2c099da0;  1 drivers
L_0x7f12c405e0f0 .functor BUFT 1, C4<00000000>, C4<0>, C4<0>, C4<0>;
v0x563b2c08d880_0 .net *"_ivl_9", 7 0, L_0x7f12c405e0f0;  1 drivers
v0x563b2c08d960_0 .net "b0", 7 0, v0x563b2c08e750_0;  1 drivers
v0x563b2c08da40_0 .net "b1", 7 0, v0x563b2c08e820_0;  1 drivers
v0x563b2c08db20_0 .net "b2", 7 0, v0x563b2c08e8f0_0;  1 drivers
v0x563b2c08dc00_0 .net "b3", 7 0, v0x563b2c08e990_0;  1 drivers
v0x563b2c08dce0_0 .net "clk", 0 0, v0x563b2c08ea60_0;  1 drivers
v0x563b2c08dd80_0 .net "data_in", 7 0, v0x563b2c08eb00_0;  1 drivers
v0x563b2c08de40_0 .var "data_out", 15 0;
v0x563b2c08df00_0 .net "reset", 0 0, v0x563b2c08ecf0_0;  1 drivers
v0x563b2c08dfc0_0 .net "x1", 7 0, v0x563b2c07d090_0;  1 drivers
v0x563b2c08e080_0 .net "x2", 7 0, v0x563b2c07e390_0;  1 drivers
v0x563b2c08e3a0_0 .net "x3", 7 0, v0x563b2c08c1f0_0;  1 drivers
E_0x563b2c031790 .event posedge, v0x563b2c07cbd0_0;
L_0x563b2c099da0 .concat [ 8 8 0 0], v0x563b2c08eb00_0, L_0x7f12c405e0f0;
L_0x563b2c099ea0 .concat [ 8 8 0 0], v0x563b2c08e750_0, L_0x7f12c405e138;
L_0x563b2c09a030 .arith/mult 16, L_0x563b2c099da0, L_0x563b2c099ea0;
L_0x563b2c09a170 .concat [ 8 8 0 0], v0x563b2c07d090_0, L_0x7f12c405e180;
L_0x563b2c09a290 .concat [ 8 8 0 0], v0x563b2c08e820_0, L_0x7f12c405e1c8;
L_0x563b2c09a3d0 .arith/mult 16, L_0x563b2c09a170, L_0x563b2c09a290;
L_0x563b2c09a550 .concat [ 8 8 0 0], v0x563b2c07e390_0, L_0x7f12c405e210;
L_0x563b2c09a640 .concat [ 8 8 0 0], v0x563b2c08e8f0_0, L_0x7f12c405e258;
L_0x563b2c09a7d0 .arith/mult 16, L_0x563b2c09a550, L_0x563b2c09a640;
L_0x563b2c09a8c0 .concat [ 8 8 0 0], v0x563b2c08c1f0_0, L_0x7f12c405e2a0;
L_0x563b2c09aa10 .concat [ 8 8 0 0], v0x563b2c08e990_0, L_0x7f12c405e2e8;
L_0x563b2c09ab50 .arith/mult 16, L_0x563b2c09a8c0, L_0x563b2c09aa10;
L_0x563b2c09ad00 .arith/sum 16, L_0x563b2c09a030, L_0x563b2c09a3d0;
L_0x563b2c09aeb0 .arith/sum 16, L_0x563b2c09ad00, L_0x563b2c09a7d0;
L_0x563b2c09b070 .arith/sum 16, L_0x563b2c09aeb0, L_0x563b2c09ab50;
S_0x563b2c0540b0 .scope module, "DFF0" "DFF" 2 279, 2 184 0, S_0x563b2c054e70;
 .timescale -9 -12;
    .port_info 0 /INPUT 1 "clk";
    .port_info 1 /INPUT 1 "reset";
    .port_info 2 /INPUT 8 "data_in";
    .port_info 3 /OUTPUT 8 "data_delayed";
P_0x563b2c07a670 .param/l "N" 0 2 185, +C4<00000000000000000000000000001000>;
v0x563b2c07cbd0_0 .net "clk", 0 0, v0x563b2c08ea60_0;  alias, 1 drivers
v0x563b2c07d090_0 .var "data_delayed", 7 0;
v0x563b2c07d550_0 .net "data_in", 7 0, v0x563b2c08eb00_0;  alias, 1 drivers
L_0x7f12c405e018 .functor BUFT 1, C4<0>, C4<0>, C4<0>, C4<0>;
v0x563b2c07da10_0 .net "reset", 0 0, L_0x7f12c405e018;  1 drivers
E_0x563b2c0313c0 .event posedge, v0x563b2c07da10_0, v0x563b2c07cbd0_0;
S_0x563b2c08b8b0 .scope module, "DFF1" "DFF" 2 280, 2 184 0, S_0x563b2c054e70;
 .timescale -9 -12;
    .port_info 0 /INPUT 1 "clk";
    .port_info 1 /INPUT 1 "reset";
    .port_info 2 /INPUT 8 "data_in";
    .port_info 3 /OUTPUT 8 "data_delayed";
P_0x563b2c08ba60 .param/l "N" 0 2 185, +C4<00000000000000000000000000001000>;
v0x563b2c07ded0_0 .net "clk", 0 0, v0x563b2c08ea60_0;  alias, 1 drivers
v0x563b2c07e390_0 .var "data_delayed", 7 0;
v0x563b2c07e850_0 .net "data_in", 7 0, v0x563b2c07d090_0;  alias, 1 drivers
L_0x7f12c405e060 .functor BUFT 1, C4<0>, C4<0>, C4<0>, C4<0>;
v0x563b2c08bc20_0 .net "reset", 0 0, L_0x7f12c405e060;  1 drivers
E_0x563b2bff5b00 .event posedge, v0x563b2c08bc20_0, v0x563b2c07cbd0_0;
S_0x563b2c08bd70 .scope module, "DFF2" "DFF" 2 281, 2 184 0, S_0x563b2c054e70;
 .timescale -9 -12;
    .port_info 0 /INPUT 1 "clk";
    .port_info 1 /INPUT 1 "reset";
    .port_info 2 /INPUT 8 "data_in";
    .port_info 3 /OUTPUT 8 "data_delayed";
P_0x563b2c08bf50 .param/l "N" 0 2 185, +C4<00000000000000000000000000001000>;
v0x563b2c08c0e0_0 .net "clk", 0 0, v0x563b2c08ea60_0;  alias, 1 drivers
v0x563b2c08c1f0_0 .var "data_delayed", 7 0;
v0x563b2c08c2d0_0 .net "data_in", 7 0, v0x563b2c07e390_0;  alias, 1 drivers
L_0x7f12c405e0a8 .functor BUFT 1, C4<0>, C4<0>, C4<0>, C4<0>;
v0x563b2c08c3a0_0 .net "reset", 0 0, L_0x7f12c405e0a8;  1 drivers
E_0x563b2c079500 .event posedge, v0x563b2c08c3a0_0, v0x563b2c07cbd0_0;
S_0x563b2c055c30 .scope module, "add16se_2TN" "add16se_2TN" 2 18;
 .timescale 0 0;
    .port_info 0 /INPUT 16 "A";
    .port_info 1 /INPUT 16 "B";
    .port_info 2 /OUTPUT 17 "O";
L_0x563b2c09ac90 .functor AND 1, L_0x563b2c09b1b0, L_0x563b2c09b250, C4<1>, C4<1>;
L_0x563b2c09ada0 .functor AND 1, L_0x563b2c09b390, L_0x563b2c09b480, C4<1>, C4<1>;
L_0x563b2c09b610 .functor NOT 1, L_0x563b2c09ada0, C4<0>, C4<0>, C4<0>;
L_0x563b2c09b850 .functor AND 1, L_0x563b2c09b6d0, L_0x563b2c09b770, C4<1>, C4<1>;
L_0x563b2c09bc40 .functor XOR 1, L_0x563b2c09b990, L_0x563b2c09bac0, C4<0>, C4<0>;
L_0x563b2c09be50 .functor AND 1, L_0x563b2c09bcb0, L_0x563b2c09bd50, C4<1>, C4<1>;
L_0x563b2c09c100 .functor XOR 1, L_0x563b2c09bf50, L_0x563b2c09bff0, C4<0>, C4<0>;
L_0x563b2c09c090 .functor AND 1, L_0x563b2c09c210, L_0x563b2c09c2b0, C4<1>, C4<1>;
L_0x563b2c09c690 .functor XOR 1, L_0x563b2c09c4c0, L_0x563b2c09c560, C4<0>, C4<0>;
L_0x563b2c09c9b0 .functor AND 1, L_0x563b2c09c7d0, L_0x563b2c09c870, C4<1>, C4<1>;
L_0x563b2c09cd40 .functor XOR 1, L_0x563b2c09cb50, L_0x563b2c09cbf0, C4<0>, C4<0>;
L_0x563b2c09cf90 .functor AND 1, L_0x563b2c09c910, L_0x563b2c09ce30, C4<1>, C4<1>;
L_0x563b2c09d350 .functor XOR 1, L_0x563b2c09d140, L_0x563b2c09d1e0, C4<0>, C4<0>;
L_0x563b2c09d6b0 .functor AND 1, L_0x563b2c09d490, L_0x563b2c09d530, C4<1>, C4<1>;
L_0x563b2c09d0d0 .functor XOR 1, L_0x563b2c09d870, L_0x563b2c09d910, C4<0>, C4<0>;
L_0x563b2c09ddb0 .functor AND 1, L_0x563b2c09db70, L_0x563b2c09dc10, C4<1>, C4<1>;
L_0x563b2c09e3e0 .functor XOR 1, L_0x563b2c09df80, L_0x563b2c09e020, C4<0>, C4<0>;
L_0x563b2c09e780 .functor AND 1, L_0x563b2c09e520, L_0x563b2c09e5c0, C4<1>, C4<1>;
L_0x563b2c09e660 .functor XOR 1, L_0x563b2c09e960, L_0x563b2c09ea00, C4<0>, C4<0>;
L_0x563b2c09eea0 .functor AND 1, L_0x563b2c09ec20, L_0x563b2c09ecc0, C4<1>, C4<1>;
L_0x563b2c09f250 .functor XOR 1, L_0x563b2c09e8c0, L_0x563b2c09f060, C4<0>, C4<0>;
L_0x563b2c09f630 .functor AND 1, L_0x563b2c09f390, L_0x563b2c09f430, C4<1>, C4<1>;
L_0x563b2c09fae0 .functor XOR 1, L_0x563b2c09f830, L_0x563b2c09f8d0, C4<0>, C4<0>;
L_0x563b2c09fee0 .functor AND 1, L_0x563b2c09fc20, L_0x563b2c09fcc0, C4<1>, C4<1>;
L_0x563b2c0a03c0 .functor XOR 1, L_0x563b2c0a00f0, L_0x563b2c0a0190, C4<0>, C4<0>;
L_0x563b2c0a07e0 .functor AND 1, L_0x563b2c0a0500, L_0x563b2c0a05a0, C4<1>, C4<1>;
L_0x563b2c0a0cf0 .functor XOR 1, L_0x563b2c0a0a00, L_0x563b2c0a0aa0, C4<0>, C4<0>;
L_0x563b2c0a1130 .functor AND 1, L_0x563b2c0a0e30, L_0x563b2c0a0ed0, C4<1>, C4<1>;
L_0x563b2c0a1670 .functor XOR 1, L_0x563b2c0a1360, L_0x563b2c0a1400, C4<0>, C4<0>;
L_0x563b2c0a1ad0 .functor AND 1, L_0x563b2c0a17b0, L_0x563b2c0a1850, C4<1>, C4<1>;
L_0x563b2c0a2040 .functor XOR 1, L_0x563b2c0a1d10, L_0x563b2c0a1db0, C4<0>, C4<0>;
L_0x563b2c0a24c0 .functor AND 1, L_0x563b2c0a2180, L_0x563b2c0a2220, C4<1>, C4<1>;
L_0x563b2c0a2e70 .functor XOR 1, L_0x563b2c0a2710, L_0x563b2c0a27b0, C4<0>, C4<0>;
L_0x563b2c0a3310 .functor XOR 1, L_0x563b2c0a2fb0, L_0x563b2c0a3050, C4<0>, C4<0>;
L_0x563b2c0a3570 .functor AND 1, L_0x563b2c09c100, L_0x563b2c09b850, C4<1>, C4<1>;
L_0x563b2c0a3680 .functor AND 1, L_0x563b2c09c100, L_0x563b2c09bc40, C4<1>, C4<1>;
L_0x563b2c0a3450 .functor OR 1, L_0x563b2c09be50, L_0x563b2c0a3570, C4<0>, C4<0>;
L_0x563b2c0a3870 .functor AND 1, L_0x563b2c09cd40, L_0x563b2c09c090, C4<1>, C4<1>;
L_0x563b2c0a3ac0 .functor AND 1, L_0x563b2c09cd40, L_0x563b2c09c690, C4<1>, C4<1>;
L_0x563b2c0a3b80 .functor OR 1, L_0x563b2c09c9b0, L_0x563b2c0a3870, C4<0>, C4<0>;
L_0x563b2c0a3de0 .functor AND 1, L_0x563b2c09d0d0, L_0x563b2c09cf90, C4<1>, C4<1>;
L_0x563b2c0a3ef0 .functor AND 1, L_0x563b2c09d0d0, L_0x563b2c09d350, C4<1>, C4<1>;
L_0x563b2c0a4110 .functor OR 1, L_0x563b2c09d6b0, L_0x563b2c0a3de0, C4<0>, C4<0>;
L_0x563b2c0a4220 .functor AND 1, L_0x563b2c09e660, L_0x563b2c09ddb0, C4<1>, C4<1>;
L_0x563b2c0a44a0 .functor AND 1, L_0x563b2c09e660, L_0x563b2c09e3e0, C4<1>, C4<1>;
L_0x563b2c0a4560 .functor OR 1, L_0x563b2c09e780, L_0x563b2c0a4220, C4<0>, C4<0>;
L_0x563b2c0a47f0 .functor AND 1, L_0x563b2c09fae0, L_0x563b2c09eea0, C4<1>, C4<1>;
L_0x563b2c0a4900 .functor AND 1, L_0x563b2c09fae0, L_0x563b2c09f250, C4<1>, C4<1>;
L_0x563b2c0a4b50 .functor OR 1, L_0x563b2c09f630, L_0x563b2c0a47f0, C4<0>, C4<0>;
L_0x563b2c0a4c60 .functor AND 1, L_0x563b2c0a0cf0, L_0x563b2c09fee0, C4<1>, C4<1>;
L_0x563b2c0a4f10 .functor AND 1, L_0x563b2c0a0cf0, L_0x563b2c0a03c0, C4<1>, C4<1>;
L_0x563b2c0a4fd0 .functor OR 1, L_0x563b2c0a07e0, L_0x563b2c0a4c60, C4<0>, C4<0>;
L_0x563b2c0a5290 .functor AND 1, L_0x563b2c0a2040, L_0x563b2c0a1130, C4<1>, C4<1>;
L_0x563b2c0a53a0 .functor AND 1, L_0x563b2c0a2040, L_0x563b2c0a1670, C4<1>, C4<1>;
L_0x563b2c0a5620 .functor OR 1, L_0x563b2c0a1ad0, L_0x563b2c0a5290, C4<0>, C4<0>;
L_0x563b2c0a5730 .functor AND 1, L_0x563b2c0a3680, L_0x563b2c09ac90, C4<1>, C4<1>;
L_0x563b2c0a5a10 .functor OR 1, L_0x563b2c0a3450, L_0x563b2c0a5730, C4<0>, C4<0>;
L_0x563b2c0a5b20 .functor AND 1, L_0x563b2c0a3ef0, L_0x563b2c0a3b80, C4<1>, C4<1>;
L_0x563b2c0a5e10 .functor AND 1, L_0x563b2c0a3ef0, L_0x563b2c0a3ac0, C4<1>, C4<1>;
L_0x563b2c0a5ed0 .functor OR 1, L_0x563b2c0a4110, L_0x563b2c0a5b20, C4<0>, C4<0>;
L_0x563b2c0a61d0 .functor AND 1, L_0x563b2c0a4900, L_0x563b2c0a4560, C4<1>, C4<1>;
L_0x563b2c0a62e0 .functor AND 1, L_0x563b2c0a4900, L_0x563b2c0a44a0, C4<1>, C4<1>;
L_0x563b2c0a65a0 .functor OR 1, L_0x563b2c0a4b50, L_0x563b2c0a61d0, C4<0>, C4<0>;
L_0x563b2c0a66b0 .functor AND 1, L_0x563b2c0a53a0, L_0x563b2c0a4fd0, C4<1>, C4<1>;
L_0x563b2c0a69d0 .functor AND 1, L_0x563b2c0a53a0, L_0x563b2c0a4f10, C4<1>, C4<1>;
L_0x563b2c0a6a90 .functor OR 1, L_0x563b2c0a5620, L_0x563b2c0a66b0, C4<0>, C4<0>;
L_0x563b2c0a6dc0 .functor AND 1, L_0x563b2c0a5e10, L_0x563b2c0a5a10, C4<1>, C4<1>;
L_0x563b2c0a6ed0 .functor OR 1, L_0x563b2c0a5ed0, L_0x563b2c0a6dc0, C4<0>, C4<0>;
L_0x563b2c0a7210 .functor AND 1, L_0x563b2c0a69d0, L_0x563b2c0a65a0, C4<1>, C4<1>;
L_0x563b2c0a7320 .functor AND 1, L_0x563b2c0a69d0, L_0x563b2c0a62e0, C4<1>, C4<1>;
L_0x563b2c0a7620 .functor OR 1, L_0x563b2c0a6a90, L_0x563b2c0a7210, C4<0>, C4<0>;
L_0x563b2c0a7730 .functor AND 1, L_0x563b2c0a7320, L_0x563b2c0a6ed0, C4<1>, C4<1>;
L_0x563b2c0a7a90 .functor OR 1, L_0x563b2c0a7620, L_0x563b2c0a7730, C4<0>, C4<0>;
L_0x563b2c0a7ba0 .functor AND 1, L_0x563b2c0a62e0, L_0x563b2c0a6ed0, C4<1>, C4<1>;
L_0x563b2c0a7e70 .functor OR 1, L_0x563b2c0a65a0, L_0x563b2c0a7ba0, C4<0>, C4<0>;
L_0x563b2c0a7f30 .functor AND 1, L_0x563b2c0a3ac0, L_0x563b2c0a5a10, C4<1>, C4<1>;
L_0x563b2c0a8210 .functor OR 1, L_0x563b2c0a3b80, L_0x563b2c0a7f30, C4<0>, C4<0>;
L_0x563b2c0a82d0 .functor AND 1, L_0x563b2c0a44a0, L_0x563b2c0a6ed0, C4<1>, C4<1>;
L_0x563b2c0a85c0 .functor OR 1, L_0x563b2c0a4560, L_0x563b2c0a82d0, C4<0>, C4<0>;
L_0x563b2c0a8630 .functor AND 1, L_0x563b2c0a4f10, L_0x563b2c0a7e70, C4<1>, C4<1>;
L_0x563b2c0a8980 .functor OR 1, L_0x563b2c0a4fd0, L_0x563b2c0a8630, C4<0>, C4<0>;
L_0x563b2c0a8a40 .functor AND 1, L_0x563b2c09bc40, L_0x563b2c09ac90, C4<1>, C4<1>;
L_0x563b2c0a8d50 .functor OR 1, L_0x563b2c09b850, L_0x563b2c0a8a40, C4<0>, C4<0>;
L_0x563b2c0a8e10 .functor AND 1, L_0x563b2c09c690, L_0x563b2c0a5a10, C4<1>, C4<1>;
L_0x563b2c0a9130 .functor OR 1, L_0x563b2c09c090, L_0x563b2c0a8e10, C4<0>, C4<0>;
L_0x563b2c0a91a0 .functor AND 1, L_0x563b2c09d350, L_0x563b2c0a8210, C4<1>, C4<1>;
L_0x563b2c0a9520 .functor OR 1, L_0x563b2c09cf90, L_0x563b2c0a91a0, C4<0>, C4<0>;
L_0x563b2c0a95e0 .functor AND 1, L_0x563b2c09e3e0, L_0x563b2c0a6ed0, C4<1>, C4<1>;
L_0x563b2c0a9920 .functor OR 1, L_0x563b2c09ddb0, L_0x563b2c0a95e0, C4<0>, C4<0>;
L_0x563b2c0a99e0 .functor AND 1, L_0x563b2c09f250, L_0x563b2c0a85c0, C4<1>, C4<1>;
L_0x563b2c0a9d80 .functor OR 1, L_0x563b2c09eea0, L_0x563b2c0a99e0, C4<0>, C4<0>;
L_0x563b2c0a9e40 .functor AND 1, L_0x563b2c0a03c0, L_0x563b2c0a7e70, C4<1>, C4<1>;
L_0x563b2c0aa1a0 .functor OR 1, L_0x563b2c09fee0, L_0x563b2c0a9e40, C4<0>, C4<0>;
L_0x563b2c0aa260 .functor AND 1, L_0x563b2c0a1670, L_0x563b2c0a8980, C4<1>, C4<1>;
L_0x563b2c0aa620 .functor OR 1, L_0x563b2c0a1130, L_0x563b2c0aa260, C4<0>, C4<0>;
L_0x563b2c0aa6e0 .functor AND 1, L_0x563b2c0a2e70, L_0x563b2c0a7a90, C4<1>, C4<1>;
L_0x563b2c0aab00 .functor OR 1, L_0x563b2c0a24c0, L_0x563b2c0aa6e0, C4<0>, C4<0>;
L_0x563b2c0aac10 .functor XOR 1, L_0x563b2c09bc40, L_0x563b2c09ac90, C4<0>, C4<0>;
L_0x563b2c0aafa0 .functor XOR 1, L_0x563b2c09c100, L_0x563b2c0a8d50, C4<0>, C4<0>;
L_0x563b2c0ab0a0 .functor XOR 1, L_0x563b2c09c690, L_0x563b2c0a5a10, C4<0>, C4<0>;
L_0x563b2c0ab4d0 .functor XOR 1, L_0x563b2c09cd40, L_0x563b2c0a9130, C4<0>, C4<0>;
L_0x563b2c0ab5d0 .functor XOR 1, L_0x563b2c09d350, L_0x563b2c0a8210, C4<0>, C4<0>;
L_0x563b2c0aba10 .functor XOR 1, L_0x563b2c09d0d0, L_0x563b2c0a9520, C4<0>, C4<0>;
L_0x563b2c0abb10 .functor XOR 1, L_0x563b2c09e3e0, L_0x563b2c0a6ed0, C4<0>, C4<0>;
L_0x563b2c0abf60 .functor XOR 1, L_0x563b2c09e660, L_0x563b2c0a9920, C4<0>, C4<0>;
L_0x563b2c0ac060 .functor XOR 1, L_0x563b2c09f250, L_0x563b2c0a85c0, C4<0>, C4<0>;
L_0x563b2c0ac4c0 .functor XOR 1, L_0x563b2c09fae0, L_0x563b2c0a9d80, C4<0>, C4<0>;
L_0x563b2c0ac5c0 .functor XOR 1, L_0x563b2c0a03c0, L_0x563b2c0a7e70, C4<0>, C4<0>;
L_0x563b2c0acac0 .functor XOR 1, L_0x563b2c0a0cf0, L_0x563b2c0aa1a0, C4<0>, C4<0>;
L_0x563b2c0acbc0 .functor XOR 1, L_0x563b2c0a1670, L_0x563b2c0a8980, C4<0>, C4<0>;
L_0x563b2c0ad040 .functor XOR 1, L_0x563b2c0a2040, L_0x563b2c0aa620, C4<0>, C4<0>;
L_0x563b2c0ad140 .functor XOR 1, L_0x563b2c0a2e70, L_0x563b2c0a7a90, C4<0>, C4<0>;
L_0x563b2c0ad540 .functor XOR 1, L_0x563b2c0a3310, L_0x563b2c0aab00, C4<0>, C4<0>;
L_0x563b2c0ad5b0 .functor BUFZ 1, L_0x563b2c0ad540, C4<0>, C4<0>, C4<0>;
L_0x563b2c0ad9c0 .functor BUFZ 1, L_0x563b2c0ad140, C4<0>, C4<0>, C4<0>;
L_0x563b2c0ada30 .functor BUFZ 1, L_0x563b2c0ad040, C4<0>, C4<0>, C4<0>;
L_0x563b2c0ade50 .functor BUFZ 1, L_0x563b2c0acbc0, C4<0>, C4<0>, C4<0>;
L_0x563b2c0adec0 .functor BUFZ 1, L_0x563b2c0acac0, C4<0>, C4<0>, C4<0>;
L_0x563b2c0ae2f0 .functor BUFZ 1, L_0x563b2c0ac5c0, C4<0>, C4<0>, C4<0>;
L_0x563b2c0ae360 .functor BUFZ 1, L_0x563b2c0ac4c0, C4<0>, C4<0>, C4<0>;
L_0x563b2c0ae7a0 .functor BUFZ 1, L_0x563b2c0ac060, C4<0>, C4<0>, C4<0>;
L_0x563b2c0ae860 .functor BUFZ 1, L_0x563b2c0abf60, C4<0>, C4<0>, C4<0>;
L_0x563b2c0aed00 .functor BUFZ 1, L_0x563b2c0abb10, C4<0>, C4<0>, C4<0>;
L_0x563b2c0aedc0 .functor BUFZ 1, L_0x563b2c0aba10, C4<0>, C4<0>, C4<0>;
L_0x563b2c0af270 .functor BUFZ 1, L_0x563b2c0ab5d0, C4<0>, C4<0>, C4<0>;
L_0x563b2c0af330 .functor BUFZ 1, L_0x563b2c0ab4d0, C4<0>, C4<0>, C4<0>;
L_0x563b2c0af7f0 .functor BUFZ 1, L_0x563b2c0ab0a0, C4<0>, C4<0>, C4<0>;
L_0x563b2c0af8b0 .functor BUFZ 1, L_0x563b2c0aafa0, C4<0>, C4<0>, C4<0>;
L_0x563b2c0afd80 .functor BUFZ 1, L_0x563b2c0aac10, C4<0>, C4<0>, C4<0>;
L_0x563b2c0b0480 .functor BUFZ 1, L_0x563b2c09b610, C4<0>, C4<0>, C4<0>;
o0x7f12c40a7af8 .functor BUFZ 16, C4<zzzzzzzzzzzzzzzz>; HiZ drive
v0x563b2c08edc0_0 .net "A", 15 0, o0x7f12c40a7af8;  0 drivers
o0x7f12c40a7b28 .functor BUFZ 16, C4<zzzzzzzzzzzzzzzz>; HiZ drive
v0x563b2c08ee80_0 .net "B", 15 0, o0x7f12c40a7b28;  0 drivers
v0x563b2c08ef60_0 .net "O", 16 0, L_0x563b2c0afe40;  1 drivers
v0x563b2c08f050_0 .net *"_ivl_1", 0 0, L_0x563b2c09b1b0;  1 drivers
v0x563b2c08f130_0 .net *"_ivl_10", 0 0, L_0x563b2c09ada0;  1 drivers
v0x563b2c08f210_0 .net *"_ivl_101", 0 0, L_0x563b2c09e5c0;  1 drivers
v0x563b2c08f2f0_0 .net *"_ivl_105", 0 0, L_0x563b2c09e960;  1 drivers
v0x563b2c08f3d0_0 .net *"_ivl_107", 0 0, L_0x563b2c09ea00;  1 drivers
v0x563b2c08f4b0_0 .net *"_ivl_111", 0 0, L_0x563b2c09ec20;  1 drivers
v0x563b2c08f620_0 .net *"_ivl_113", 0 0, L_0x563b2c09ecc0;  1 drivers
v0x563b2c08f700_0 .net *"_ivl_117", 0 0, L_0x563b2c09e8c0;  1 drivers
v0x563b2c08f7e0_0 .net *"_ivl_119", 0 0, L_0x563b2c09f060;  1 drivers
v0x563b2c08f8c0_0 .net *"_ivl_123", 0 0, L_0x563b2c09f390;  1 drivers
v0x563b2c08f9a0_0 .net *"_ivl_125", 0 0, L_0x563b2c09f430;  1 drivers
v0x563b2c08fa80_0 .net *"_ivl_129", 0 0, L_0x563b2c09f830;  1 drivers
v0x563b2c08fb60_0 .net *"_ivl_131", 0 0, L_0x563b2c09f8d0;  1 drivers
v0x563b2c08fc40_0 .net *"_ivl_135", 0 0, L_0x563b2c09fc20;  1 drivers
v0x563b2c08fd20_0 .net *"_ivl_137", 0 0, L_0x563b2c09fcc0;  1 drivers
v0x563b2c08fe00_0 .net *"_ivl_141", 0 0, L_0x563b2c0a00f0;  1 drivers
v0x563b2c08fee0_0 .net *"_ivl_143", 0 0, L_0x563b2c0a0190;  1 drivers
v0x563b2c08ffc0_0 .net *"_ivl_147", 0 0, L_0x563b2c0a0500;  1 drivers
v0x563b2c0900a0_0 .net *"_ivl_149", 0 0, L_0x563b2c0a05a0;  1 drivers
v0x563b2c090180_0 .net *"_ivl_15", 0 0, L_0x563b2c09b6d0;  1 drivers
v0x563b2c090260_0 .net *"_ivl_153", 0 0, L_0x563b2c0a0a00;  1 drivers
v0x563b2c090340_0 .net *"_ivl_155", 0 0, L_0x563b2c0a0aa0;  1 drivers
v0x563b2c090420_0 .net *"_ivl_159", 0 0, L_0x563b2c0a0e30;  1 drivers
v0x563b2c090500_0 .net *"_ivl_161", 0 0, L_0x563b2c0a0ed0;  1 drivers
v0x563b2c0905e0_0 .net *"_ivl_165", 0 0, L_0x563b2c0a1360;  1 drivers
v0x563b2c0906c0_0 .net *"_ivl_167", 0 0, L_0x563b2c0a1400;  1 drivers
v0x563b2c0907a0_0 .net *"_ivl_17", 0 0, L_0x563b2c09b770;  1 drivers
v0x563b2c090880_0 .net *"_ivl_171", 0 0, L_0x563b2c0a17b0;  1 drivers
v0x563b2c090960_0 .net *"_ivl_173", 0 0, L_0x563b2c0a1850;  1 drivers
v0x563b2c090a40_0 .net *"_ivl_177", 0 0, L_0x563b2c0a1d10;  1 drivers
v0x563b2c090d30_0 .net *"_ivl_179", 0 0, L_0x563b2c0a1db0;  1 drivers
v0x563b2c090e10_0 .net *"_ivl_183", 0 0, L_0x563b2c0a2180;  1 drivers
v0x563b2c090ef0_0 .net *"_ivl_185", 0 0, L_0x563b2c0a2220;  1 drivers
v0x563b2c090fd0_0 .net *"_ivl_189", 0 0, L_0x563b2c0a2710;  1 drivers
v0x563b2c0910b0_0 .net *"_ivl_191", 0 0, L_0x563b2c0a27b0;  1 drivers
v0x563b2c091190_0 .net *"_ivl_195", 0 0, L_0x563b2c0a2fb0;  1 drivers
v0x563b2c091270_0 .net *"_ivl_197", 0 0, L_0x563b2c0a3050;  1 drivers
v0x563b2c091350_0 .net *"_ivl_21", 0 0, L_0x563b2c09b990;  1 drivers
v0x563b2c091430_0 .net *"_ivl_23", 0 0, L_0x563b2c09bac0;  1 drivers
v0x563b2c091510_0 .net *"_ivl_27", 0 0, L_0x563b2c09bcb0;  1 drivers
v0x563b2c0915f0_0 .net *"_ivl_29", 0 0, L_0x563b2c09bd50;  1 drivers
v0x563b2c0916d0_0 .net *"_ivl_3", 0 0, L_0x563b2c09b250;  1 drivers
v0x563b2c0917b0_0 .net *"_ivl_33", 0 0, L_0x563b2c09bf50;  1 drivers
v0x563b2c091890_0 .net *"_ivl_35", 0 0, L_0x563b2c09bff0;  1 drivers
v0x563b2c091970_0 .net *"_ivl_361", 0 0, L_0x563b2c0ad5b0;  1 drivers
v0x563b2c091a50_0 .net *"_ivl_365", 0 0, L_0x563b2c0ad9c0;  1 drivers
v0x563b2c091b30_0 .net *"_ivl_369", 0 0, L_0x563b2c0ada30;  1 drivers
v0x563b2c091c10_0 .net *"_ivl_373", 0 0, L_0x563b2c0ade50;  1 drivers
v0x563b2c091cf0_0 .net *"_ivl_377", 0 0, L_0x563b2c0adec0;  1 drivers
v0x563b2c091dd0_0 .net *"_ivl_381", 0 0, L_0x563b2c0ae2f0;  1 drivers
v0x563b2c091eb0_0 .net *"_ivl_385", 0 0, L_0x563b2c0ae360;  1 drivers
v0x563b2c091f90_0 .net *"_ivl_389", 0 0, L_0x563b2c0ae7a0;  1 drivers
v0x563b2c092070_0 .net *"_ivl_39", 0 0, L_0x563b2c09c210;  1 drivers
v0x563b2c092150_0 .net *"_ivl_393", 0 0, L_0x563b2c0ae860;  1 drivers
v0x563b2c092230_0 .net *"_ivl_397", 0 0, L_0x563b2c0aed00;  1 drivers
v0x563b2c092310_0 .net *"_ivl_401", 0 0, L_0x563b2c0aedc0;  1 drivers
v0x563b2c0923f0_0 .net *"_ivl_405", 0 0, L_0x563b2c0af270;  1 drivers
v0x563b2c0924d0_0 .net *"_ivl_409", 0 0, L_0x563b2c0af330;  1 drivers
v0x563b2c0925b0_0 .net *"_ivl_41", 0 0, L_0x563b2c09c2b0;  1 drivers
v0x563b2c092690_0 .net *"_ivl_413", 0 0, L_0x563b2c0af7f0;  1 drivers
v0x563b2c092770_0 .net *"_ivl_417", 0 0, L_0x563b2c0af8b0;  1 drivers
v0x563b2c092850_0 .net *"_ivl_421", 0 0, L_0x563b2c0afd80;  1 drivers
v0x563b2c092d40_0 .net *"_ivl_426", 0 0, L_0x563b2c0b0480;  1 drivers
v0x563b2c092e20_0 .net *"_ivl_45", 0 0, L_0x563b2c09c4c0;  1 drivers
v0x563b2c092f00_0 .net *"_ivl_47", 0 0, L_0x563b2c09c560;  1 drivers
v0x563b2c092fe0_0 .net *"_ivl_51", 0 0, L_0x563b2c09c7d0;  1 drivers
v0x563b2c0930c0_0 .net *"_ivl_53", 0 0, L_0x563b2c09c870;  1 drivers
v0x563b2c0931a0_0 .net *"_ivl_57", 0 0, L_0x563b2c09cb50;  1 drivers
v0x563b2c093280_0 .net *"_ivl_59", 0 0, L_0x563b2c09cbf0;  1 drivers
v0x563b2c093360_0 .net *"_ivl_63", 0 0, L_0x563b2c09c910;  1 drivers
v0x563b2c093440_0 .net *"_ivl_65", 0 0, L_0x563b2c09ce30;  1 drivers
v0x563b2c093520_0 .net *"_ivl_69", 0 0, L_0x563b2c09d140;  1 drivers
v0x563b2c093600_0 .net *"_ivl_7", 0 0, L_0x563b2c09b390;  1 drivers
v0x563b2c0936e0_0 .net *"_ivl_71", 0 0, L_0x563b2c09d1e0;  1 drivers
v0x563b2c0937c0_0 .net *"_ivl_75", 0 0, L_0x563b2c09d490;  1 drivers
v0x563b2c0938a0_0 .net *"_ivl_77", 0 0, L_0x563b2c09d530;  1 drivers
v0x563b2c093980_0 .net *"_ivl_81", 0 0, L_0x563b2c09d870;  1 drivers
v0x563b2c093a60_0 .net *"_ivl_83", 0 0, L_0x563b2c09d910;  1 drivers
v0x563b2c093b40_0 .net *"_ivl_87", 0 0, L_0x563b2c09db70;  1 drivers
v0x563b2c093c20_0 .net *"_ivl_89", 0 0, L_0x563b2c09dc10;  1 drivers
v0x563b2c093d00_0 .net *"_ivl_9", 0 0, L_0x563b2c09b480;  1 drivers
v0x563b2c093de0_0 .net *"_ivl_93", 0 0, L_0x563b2c09df80;  1 drivers
v0x563b2c093ec0_0 .net *"_ivl_95", 0 0, L_0x563b2c09e020;  1 drivers
v0x563b2c093fa0_0 .net *"_ivl_99", 0 0, L_0x563b2c09e520;  1 drivers
v0x563b2c094080_0 .net "sig_100", 0 0, L_0x563b2c0a7320;  1 drivers
v0x563b2c094140_0 .net "sig_101", 0 0, L_0x563b2c0a7620;  1 drivers
v0x563b2c094200_0 .net "sig_102", 0 0, L_0x563b2c0a7730;  1 drivers
v0x563b2c0942c0_0 .net "sig_103", 0 0, L_0x563b2c0a7a90;  1 drivers
v0x563b2c094380_0 .net "sig_104", 0 0, L_0x563b2c0a7ba0;  1 drivers
v0x563b2c094440_0 .net "sig_105", 0 0, L_0x563b2c0a7e70;  1 drivers
v0x563b2c094500_0 .net "sig_106", 0 0, L_0x563b2c0a7f30;  1 drivers
v0x563b2c0945c0_0 .net "sig_107", 0 0, L_0x563b2c0a8210;  1 drivers
v0x563b2c094680_0 .net "sig_108", 0 0, L_0x563b2c0a82d0;  1 drivers
v0x563b2c094740_0 .net "sig_109", 0 0, L_0x563b2c0a85c0;  1 drivers
v0x563b2c094800_0 .net "sig_110", 0 0, L_0x563b2c0a8630;  1 drivers
v0x563b2c0948c0_0 .net "sig_111", 0 0, L_0x563b2c0a8980;  1 drivers
v0x563b2c094980_0 .net "sig_112", 0 0, L_0x563b2c0a8a40;  1 drivers
v0x563b2c094a40_0 .net "sig_113", 0 0, L_0x563b2c0a8d50;  1 drivers
v0x563b2c094b00_0 .net "sig_114", 0 0, L_0x563b2c0a8e10;  1 drivers
v0x563b2c094bc0_0 .net "sig_115", 0 0, L_0x563b2c0a9130;  1 drivers
v0x563b2c094c80_0 .net "sig_116", 0 0, L_0x563b2c0a91a0;  1 drivers
v0x563b2c094d40_0 .net "sig_117", 0 0, L_0x563b2c0a9520;  1 drivers
v0x563b2c094e00_0 .net "sig_118", 0 0, L_0x563b2c0a95e0;  1 drivers
v0x563b2c094ec0_0 .net "sig_119", 0 0, L_0x563b2c0a9920;  1 drivers
v0x563b2c094f80_0 .net "sig_120", 0 0, L_0x563b2c0a99e0;  1 drivers
v0x563b2c095040_0 .net "sig_121", 0 0, L_0x563b2c0a9d80;  1 drivers
v0x563b2c095100_0 .net "sig_122", 0 0, L_0x563b2c0a9e40;  1 drivers
v0x563b2c0951c0_0 .net "sig_123", 0 0, L_0x563b2c0aa1a0;  1 drivers
v0x563b2c095280_0 .net "sig_124", 0 0, L_0x563b2c0aa260;  1 drivers
v0x563b2c095340_0 .net "sig_125", 0 0, L_0x563b2c0aa620;  1 drivers
v0x563b2c095400_0 .net "sig_126", 0 0, L_0x563b2c0aa6e0;  1 drivers
v0x563b2c0954c0_0 .net "sig_127", 0 0, L_0x563b2c0aab00;  1 drivers
v0x563b2c095580_0 .net "sig_128", 0 0, L_0x563b2c0aac10;  1 drivers
v0x563b2c095640_0 .net "sig_129", 0 0, L_0x563b2c0aafa0;  1 drivers
v0x563b2c095700_0 .net "sig_130", 0 0, L_0x563b2c0ab0a0;  1 drivers
v0x563b2c0957c0_0 .net "sig_131", 0 0, L_0x563b2c0ab4d0;  1 drivers
v0x563b2c095880_0 .net "sig_132", 0 0, L_0x563b2c0ab5d0;  1 drivers
v0x563b2c095940_0 .net "sig_133", 0 0, L_0x563b2c0aba10;  1 drivers
v0x563b2c095a00_0 .net "sig_134", 0 0, L_0x563b2c0abb10;  1 drivers
v0x563b2c095ac0_0 .net "sig_135", 0 0, L_0x563b2c0abf60;  1 drivers
v0x563b2c095b80_0 .net "sig_136", 0 0, L_0x563b2c0ac060;  1 drivers
v0x563b2c095c40_0 .net "sig_137", 0 0, L_0x563b2c0ac4c0;  1 drivers
v0x563b2c095d00_0 .net "sig_138", 0 0, L_0x563b2c0ac5c0;  1 drivers
v0x563b2c095dc0_0 .net "sig_139", 0 0, L_0x563b2c0acac0;  1 drivers
v0x563b2c095e80_0 .net "sig_140", 0 0, L_0x563b2c0acbc0;  1 drivers
v0x563b2c095f40_0 .net "sig_141", 0 0, L_0x563b2c0ad040;  1 drivers
v0x563b2c096810_0 .net "sig_142", 0 0, L_0x563b2c0ad140;  1 drivers
v0x563b2c0968d0_0 .net "sig_143", 0 0, L_0x563b2c0ad540;  1 drivers
v0x563b2c096990_0 .net "sig_32", 0 0, L_0x563b2c09ac90;  1 drivers
v0x563b2c096a50_0 .net "sig_33", 0 0, L_0x563b2c09b610;  1 drivers
v0x563b2c096b10_0 .net "sig_34", 0 0, L_0x563b2c09b850;  1 drivers
v0x563b2c096bd0_0 .net "sig_35", 0 0, L_0x563b2c09bc40;  1 drivers
v0x563b2c096c90_0 .net "sig_36", 0 0, L_0x563b2c09be50;  1 drivers
v0x563b2c096d50_0 .net "sig_37", 0 0, L_0x563b2c09c100;  1 drivers
v0x563b2c096e10_0 .net "sig_38", 0 0, L_0x563b2c09c090;  1 drivers
v0x563b2c096ed0_0 .net "sig_39", 0 0, L_0x563b2c09c690;  1 drivers
v0x563b2c096f90_0 .net "sig_40", 0 0, L_0x563b2c09c9b0;  1 drivers
v0x563b2c097050_0 .net "sig_41", 0 0, L_0x563b2c09cd40;  1 drivers
v0x563b2c097110_0 .net "sig_42", 0 0, L_0x563b2c09cf90;  1 drivers
v0x563b2c0971d0_0 .net "sig_43", 0 0, L_0x563b2c09d350;  1 drivers
v0x563b2c097290_0 .net "sig_44", 0 0, L_0x563b2c09d6b0;  1 drivers
v0x563b2c097350_0 .net "sig_45", 0 0, L_0x563b2c09d0d0;  1 drivers
v0x563b2c097410_0 .net "sig_46", 0 0, L_0x563b2c09ddb0;  1 drivers
v0x563b2c0974d0_0 .net "sig_47", 0 0, L_0x563b2c09e3e0;  1 drivers
v0x563b2c097590_0 .net "sig_48", 0 0, L_0x563b2c09e780;  1 drivers
v0x563b2c097650_0 .net "sig_49", 0 0, L_0x563b2c09e660;  1 drivers
v0x563b2c097710_0 .net "sig_50", 0 0, L_0x563b2c09eea0;  1 drivers
v0x563b2c0977d0_0 .net "sig_51", 0 0, L_0x563b2c09f250;  1 drivers
v0x563b2c097890_0 .net "sig_52", 0 0, L_0x563b2c09f630;  1 drivers
v0x563b2c097950_0 .net "sig_53", 0 0, L_0x563b2c09fae0;  1 drivers
v0x563b2c097a10_0 .net "sig_54", 0 0, L_0x563b2c09fee0;  1 drivers
v0x563b2c097ad0_0 .net "sig_55", 0 0, L_0x563b2c0a03c0;  1 drivers
v0x563b2c097b90_0 .net "sig_56", 0 0, L_0x563b2c0a07e0;  1 drivers
v0x563b2c097c50_0 .net "sig_57", 0 0, L_0x563b2c0a0cf0;  1 drivers
v0x563b2c097d10_0 .net "sig_58", 0 0, L_0x563b2c0a1130;  1 drivers
v0x563b2c097dd0_0 .net "sig_59", 0 0, L_0x563b2c0a1670;  1 drivers
v0x563b2c097e90_0 .net "sig_60", 0 0, L_0x563b2c0a1ad0;  1 drivers
v0x563b2c097f50_0 .net "sig_61", 0 0, L_0x563b2c0a2040;  1 drivers
v0x563b2c098010_0 .net "sig_62", 0 0, L_0x563b2c0a24c0;  1 drivers
v0x563b2c0980d0_0 .net "sig_63", 0 0, L_0x563b2c0a2e70;  1 drivers
v0x563b2c098190_0 .net "sig_64", 0 0, L_0x563b2c0a3310;  1 drivers
v0x563b2c098250_0 .net "sig_65", 0 0, L_0x563b2c0a3570;  1 drivers
v0x563b2c098310_0 .net "sig_66", 0 0, L_0x563b2c0a3680;  1 drivers
v0x563b2c0983d0_0 .net "sig_67", 0 0, L_0x563b2c0a3450;  1 drivers
v0x563b2c098490_0 .net "sig_68", 0 0, L_0x563b2c0a3870;  1 drivers
v0x563b2c098550_0 .net "sig_69", 0 0, L_0x563b2c0a3ac0;  1 drivers
v0x563b2c098610_0 .net "sig_70", 0 0, L_0x563b2c0a3b80;  1 drivers
v0x563b2c0986d0_0 .net "sig_71", 0 0, L_0x563b2c0a3de0;  1 drivers
v0x563b2c098790_0 .net "sig_72", 0 0, L_0x563b2c0a3ef0;  1 drivers
v0x563b2c098850_0 .net "sig_73", 0 0, L_0x563b2c0a4110;  1 drivers
v0x563b2c098910_0 .net "sig_74", 0 0, L_0x563b2c0a4220;  1 drivers
v0x563b2c0989d0_0 .net "sig_75", 0 0, L_0x563b2c0a44a0;  1 drivers
v0x563b2c098a90_0 .net "sig_76", 0 0, L_0x563b2c0a4560;  1 drivers
v0x563b2c098b50_0 .net "sig_77", 0 0, L_0x563b2c0a47f0;  1 drivers
v0x563b2c098c10_0 .net "sig_78", 0 0, L_0x563b2c0a4900;  1 drivers
v0x563b2c098cd0_0 .net "sig_79", 0 0, L_0x563b2c0a4b50;  1 drivers
v0x563b2c098d90_0 .net "sig_80", 0 0, L_0x563b2c0a4c60;  1 drivers
v0x563b2c098e50_0 .net "sig_81", 0 0, L_0x563b2c0a4f10;  1 drivers
v0x563b2c098f10_0 .net "sig_82", 0 0, L_0x563b2c0a4fd0;  1 drivers
v0x563b2c098fd0_0 .net "sig_83", 0 0, L_0x563b2c0a5290;  1 drivers
v0x563b2c099090_0 .net "sig_84", 0 0, L_0x563b2c0a53a0;  1 drivers
v0x563b2c099150_0 .net "sig_85", 0 0, L_0x563b2c0a5620;  1 drivers
v0x563b2c099210_0 .net "sig_86", 0 0, L_0x563b2c0a5730;  1 drivers
v0x563b2c0992d0_0 .net "sig_87", 0 0, L_0x563b2c0a5a10;  1 drivers
v0x563b2c099390_0 .net "sig_88", 0 0, L_0x563b2c0a5b20;  1 drivers
v0x563b2c099450_0 .net "sig_89", 0 0, L_0x563b2c0a5e10;  1 drivers
v0x563b2c099510_0 .net "sig_90", 0 0, L_0x563b2c0a5ed0;  1 drivers
v0x563b2c0995d0_0 .net "sig_91", 0 0, L_0x563b2c0a61d0;  1 drivers
v0x563b2c099690_0 .net "sig_92", 0 0, L_0x563b2c0a62e0;  1 drivers
v0x563b2c099750_0 .net "sig_93", 0 0, L_0x563b2c0a65a0;  1 drivers
v0x563b2c099810_0 .net "sig_94", 0 0, L_0x563b2c0a66b0;  1 drivers
v0x563b2c0998d0_0 .net "sig_95", 0 0, L_0x563b2c0a69d0;  1 drivers
v0x563b2c099990_0 .net "sig_96", 0 0, L_0x563b2c0a6a90;  1 drivers
v0x563b2c099a50_0 .net "sig_97", 0 0, L_0x563b2c0a6dc0;  1 drivers
v0x563b2c099b10_0 .net "sig_98", 0 0, L_0x563b2c0a6ed0;  1 drivers
v0x563b2c099bd0_0 .net "sig_99", 0 0, L_0x563b2c0a7210;  1 drivers
L_0x563b2c09b1b0 .part o0x7f12c40a7af8, 0, 1;
L_0x563b2c09b250 .part o0x7f12c40a7b28, 0, 1;
L_0x563b2c09b390 .part o0x7f12c40a7af8, 0, 1;
L_0x563b2c09b480 .part o0x7f12c40a7b28, 0, 1;
L_0x563b2c09b6d0 .part o0x7f12c40a7af8, 1, 1;
L_0x563b2c09b770 .part o0x7f12c40a7b28, 1, 1;
L_0x563b2c09b990 .part o0x7f12c40a7af8, 1, 1;
L_0x563b2c09bac0 .part o0x7f12c40a7b28, 1, 1;
L_0x563b2c09bcb0 .part o0x7f12c40a7af8, 2, 1;
L_0x563b2c09bd50 .part o0x7f12c40a7b28, 2, 1;
L_0x563b2c09bf50 .part o0x7f12c40a7af8, 2, 1;
L_0x563b2c09bff0 .part o0x7f12c40a7b28, 2, 1;
L_0x563b2c09c210 .part o0x7f12c40a7af8, 3, 1;
L_0x563b2c09c2b0 .part o0x7f12c40a7b28, 3, 1;
L_0x563b2c09c4c0 .part o0x7f12c40a7af8, 3, 1;
L_0x563b2c09c560 .part o0x7f12c40a7b28, 3, 1;
L_0x563b2c09c7d0 .part o0x7f12c40a7af8, 4, 1;
L_0x563b2c09c870 .part o0x7f12c40a7b28, 4, 1;
L_0x563b2c09cb50 .part o0x7f12c40a7af8, 4, 1;
L_0x563b2c09cbf0 .part o0x7f12c40a7b28, 4, 1;
L_0x563b2c09c910 .part o0x7f12c40a7af8, 5, 1;
L_0x563b2c09ce30 .part o0x7f12c40a7b28, 5, 1;
L_0x563b2c09d140 .part o0x7f12c40a7af8, 5, 1;
L_0x563b2c09d1e0 .part o0x7f12c40a7b28, 5, 1;
L_0x563b2c09d490 .part o0x7f12c40a7af8, 6, 1;
L_0x563b2c09d530 .part o0x7f12c40a7b28, 6, 1;
L_0x563b2c09d870 .part o0x7f12c40a7af8, 6, 1;
L_0x563b2c09d910 .part o0x7f12c40a7b28, 6, 1;
L_0x563b2c09db70 .part o0x7f12c40a7af8, 7, 1;
L_0x563b2c09dc10 .part o0x7f12c40a7b28, 7, 1;
L_0x563b2c09df80 .part o0x7f12c40a7af8, 7, 1;
L_0x563b2c09e020 .part o0x7f12c40a7b28, 7, 1;
L_0x563b2c09e520 .part o0x7f12c40a7af8, 8, 1;
L_0x563b2c09e5c0 .part o0x7f12c40a7b28, 8, 1;
L_0x563b2c09e960 .part o0x7f12c40a7af8, 8, 1;
L_0x563b2c09ea00 .part o0x7f12c40a7b28, 8, 1;
L_0x563b2c09ec20 .part o0x7f12c40a7af8, 9, 1;
L_0x563b2c09ecc0 .part o0x7f12c40a7b28, 9, 1;
L_0x563b2c09e8c0 .part o0x7f12c40a7af8, 9, 1;
L_0x563b2c09f060 .part o0x7f12c40a7b28, 9, 1;
L_0x563b2c09f390 .part o0x7f12c40a7af8, 10, 1;
L_0x563b2c09f430 .part o0x7f12c40a7b28, 10, 1;
L_0x563b2c09f830 .part o0x7f12c40a7af8, 10, 1;
L_0x563b2c09f8d0 .part o0x7f12c40a7b28, 10, 1;
L_0x563b2c09fc20 .part o0x7f12c40a7af8, 11, 1;
L_0x563b2c09fcc0 .part o0x7f12c40a7b28, 11, 1;
L_0x563b2c0a00f0 .part o0x7f12c40a7af8, 11, 1;
L_0x563b2c0a0190 .part o0x7f12c40a7b28, 11, 1;
L_0x563b2c0a0500 .part o0x7f12c40a7af8, 12, 1;
L_0x563b2c0a05a0 .part o0x7f12c40a7b28, 12, 1;
L_0x563b2c0a0a00 .part o0x7f12c40a7af8, 12, 1;
L_0x563b2c0a0aa0 .part o0x7f12c40a7b28, 12, 1;
L_0x563b2c0a0e30 .part o0x7f12c40a7af8, 13, 1;
L_0x563b2c0a0ed0 .part o0x7f12c40a7b28, 13, 1;
L_0x563b2c0a1360 .part o0x7f12c40a7af8, 13, 1;
L_0x563b2c0a1400 .part o0x7f12c40a7b28, 13, 1;
L_0x563b2c0a17b0 .part o0x7f12c40a7af8, 14, 1;
L_0x563b2c0a1850 .part o0x7f12c40a7b28, 14, 1;
L_0x563b2c0a1d10 .part o0x7f12c40a7af8, 14, 1;
L_0x563b2c0a1db0 .part o0x7f12c40a7b28, 14, 1;
L_0x563b2c0a2180 .part o0x7f12c40a7af8, 15, 1;
L_0x563b2c0a2220 .part o0x7f12c40a7b28, 15, 1;
L_0x563b2c0a2710 .part o0x7f12c40a7af8, 15, 1;
L_0x563b2c0a27b0 .part o0x7f12c40a7b28, 15, 1;
L_0x563b2c0a2fb0 .part o0x7f12c40a7af8, 15, 1;
L_0x563b2c0a3050 .part o0x7f12c40a7b28, 15, 1;
LS_0x563b2c0afe40_0_0 .concat8 [ 1 1 1 1], L_0x563b2c0b0480, L_0x563b2c0afd80, L_0x563b2c0af8b0, L_0x563b2c0af7f0;
LS_0x563b2c0afe40_0_4 .concat8 [ 1 1 1 1], L_0x563b2c0af330, L_0x563b2c0af270, L_0x563b2c0aedc0, L_0x563b2c0aed00;
LS_0x563b2c0afe40_0_8 .concat8 [ 1 1 1 1], L_0x563b2c0ae860, L_0x563b2c0ae7a0, L_0x563b2c0ae360, L_0x563b2c0ae2f0;
LS_0x563b2c0afe40_0_12 .concat8 [ 1 1 1 1], L_0x563b2c0adec0, L_0x563b2c0ade50, L_0x563b2c0ada30, L_0x563b2c0ad9c0;
LS_0x563b2c0afe40_0_16 .concat8 [ 1 0 0 0], L_0x563b2c0ad5b0;
LS_0x563b2c0afe40_1_0 .concat8 [ 4 4 4 4], LS_0x563b2c0afe40_0_0, LS_0x563b2c0afe40_0_4, LS_0x563b2c0afe40_0_8, LS_0x563b2c0afe40_0_12;
LS_0x563b2c0afe40_1_4 .concat8 [ 1 0 0 0], LS_0x563b2c0afe40_0_16;
L_0x563b2c0afe40 .concat8 [ 16 1 0 0], LS_0x563b2c0afe40_1_0, LS_0x563b2c0afe40_1_4;
    .scope S_0x563b2c0540b0;
T_0 ;
    %wait E_0x563b2c0313c0;
    %load/vec4 v0x563b2c07da10_0;
    %flag_set/vec4 8;
    %jmp/0xz  T_0.0, 8;
    %pushi/vec4 0, 0, 8;
    %assign/vec4 v0x563b2c07d090_0, 0;
    %jmp T_0.1;
T_0.0 ;
    %load/vec4 v0x563b2c07d550_0;
    %assign/vec4 v0x563b2c07d090_0, 0;
T_0.1 ;
    %jmp T_0;
    .thread T_0;
    .scope S_0x563b2c08b8b0;
T_1 ;
    %wait E_0x563b2bff5b00;
    %load/vec4 v0x563b2c08bc20_0;
    %flag_set/vec4 8;
    %jmp/0xz  T_1.0, 8;
    %pushi/vec4 0, 0, 8;
    %assign/vec4 v0x563b2c07e390_0, 0;
    %jmp T_1.1;
T_1.0 ;
    %load/vec4 v0x563b2c07e850_0;
    %assign/vec4 v0x563b2c07e390_0, 0;
T_1.1 ;
    %jmp T_1;
    .thread T_1;
    .scope S_0x563b2c08bd70;
T_2 ;
    %wait E_0x563b2c079500;
    %load/vec4 v0x563b2c08c3a0_0;
    %flag_set/vec4 8;
    %jmp/0xz  T_2.0, 8;
    %pushi/vec4 0, 0, 8;
    %assign/vec4 v0x563b2c08c1f0_0, 0;
    %jmp T_2.1;
T_2.0 ;
    %load/vec4 v0x563b2c08c2d0_0;
    %assign/vec4 v0x563b2c08c1f0_0, 0;
T_2.1 ;
    %jmp T_2;
    .thread T_2;
    .scope S_0x563b2c054e70;
T_3 ;
    %wait E_0x563b2c031790;
    %load/vec4 v0x563b2c08c4f0_0;
    %assign/vec4 v0x563b2c08de40_0, 0;
    %vpi_call 2 301 "$monitor", "%b", v0x563b2c08de40_0 {0 0 0};
    %jmp T_3;
    .thread T_3;
    .scope S_0x563b2bfd44a0;
T_4 ;
    %pushi/vec4 32, 0, 8;
    %store/vec4 v0x563b2c08e750_0, 0, 8;
    %pushi/vec4 32, 0, 8;
    %store/vec4 v0x563b2c08e820_0, 0, 8;
    %pushi/vec4 32, 0, 8;
    %store/vec4 v0x563b2c08e8f0_0, 0, 8;
    %pushi/vec4 32, 0, 8;
    %store/vec4 v0x563b2c08e990_0, 0, 8;
    %end;
    .thread T_4;
    .scope S_0x563b2bfd44a0;
T_5 ;
    %vpi_call 2 228 "$readmemb", "signal.data", v0x563b2c08e690, 32'sb00000000000000000000000000000000, 32'sb00000000000000000000000000011111 {0 0 0};
    %end;
    .thread T_5;
    .scope S_0x563b2bfd44a0;
T_6 ;
    %pushi/vec4 0, 0, 1;
    %store/vec4 v0x563b2c08ea60_0, 0, 1;
    %end;
    .thread T_6;
    .scope S_0x563b2bfd44a0;
T_7 ;
    %delay 10000, 0;
    %load/vec4 v0x563b2c08ea60_0;
    %inv;
    %store/vec4 v0x563b2c08ea60_0, 0, 1;
    %jmp T_7;
    .thread T_7;
    .scope S_0x563b2bfd44a0;
T_8 ;
    %wait E_0x563b2c031790;
    %load/vec4 v0x563b2c08e590_0;
    %pad/u 7;
    %ix/vec4 4;
    %load/vec4a v0x563b2c08e690, 4;
    %assign/vec4 v0x563b2c08eb00_0, 0;
    %jmp T_8;
    .thread T_8;
    .scope S_0x563b2bfd44a0;
T_9 ;
    %pushi/vec4 0, 0, 5;
    %store/vec4 v0x563b2c08e590_0, 0, 5;
    %end;
    .thread T_9;
    .scope S_0x563b2bfd44a0;
T_10 ;
    %wait E_0x563b2c031790;
    %load/vec4 v0x563b2c08e590_0;
    %pad/u 32;
    %cmpi/e 31, 0, 32;
    %jmp/0xz  T_10.0, 4;
    %pushi/vec4 0, 0, 5;
    %store/vec4 v0x563b2c08e590_0, 0, 5;
    %vpi_call 2 249 "$finish" {0 0 0};
    %jmp T_10.1;
T_10.0 ;
    %load/vec4 v0x563b2c08e590_0;
    %addi 1, 0, 5;
    %store/vec4 v0x563b2c08e590_0, 0, 5;
T_10.1 ;
    %jmp T_10;
    .thread T_10;
# The file index is used to find the file name in the following table.
:file_names 3;
    "N/A";
    "<interactive>";
    "test_in_FIR.sv";
